Change Component Designator: Old Designator=C1 New Designator=C?
Change Component Designator: Old Designator=C2 New Designator=C?
Change Component Designator: Old Designator=C3 New Designator=C?
Change Component Designator: Old Designator=C4 New Designator=C?
Change Component Designator: Old Designator=C5 New Designator=C?
Change Component Designator: Old Designator=C6 New Designator=C?
Change Component Designator: Old Designator=C7 New Designator=C?
Change Component Designator: Old Designator=C8 New Designator=C?
Change Component Designator: Old Designator=C9 New Designator=C?
Change Component Designator: Old Designator=C10 New Designator=C?
Change Component Designator: Old Designator=C11 New Designator=C?
Change Component Designator: Old Designator=C12 New Designator=C?
Change Component Designator: Old Designator=C13 New Designator=C?
Change Component Designator: Old Designator=C14 New Designator=C?
Change Component Designator: Old Designator=C15 New Designator=C?
Change Component Designator: Old Designator=C16 New Designator=C?
Change Component Designator: Old Designator=C17 New Designator=C?
Change Component Designator: Old Designator=C18 New Designator=C?
Change Component Designator: Old Designator=C19 New Designator=C?
Change Component Designator: Old Designator=C20 New Designator=C?
Change Component Designator: Old Designator=C21 New Designator=C?
Change Component Designator: Old Designator=C22 New Designator=C?
Change Component Designator: Old Designator=C23 New Designator=C?
Change Component Designator: Old Designator=C24 New Designator=C?
Change Component Designator: Old Designator=C25 New Designator=C?
Change Component Designator: Old Designator=C26 New Designator=C?
Change Component Designator: Old Designator=DA1 New Designator=DA?
Change Component Designator: Old Designator=DA2 New Designator=DA?
Change Component Designator: Old Designator=DA3 New Designator=DA?
Change Component Designator: Old Designator=DA4 New Designator=DA?
Change Component Designator: Old Designator=DA5 New Designator=DA?
Change Component Designator: Old Designator=DA6 New Designator=DA?
Change Component Designator: Old Designator=DA7 New Designator=DA?
Change Component Designator: Old Designator=R1 New Designator=R?
Change Component Designator: Old Designator=R2 New Designator=R?
Change Component Designator: Old Designator=R3 New Designator=R?
Change Component Designator: Old Designator=R4 New Designator=R?
Change Component Designator: Old Designator=R5 New Designator=R?
Change Component Designator: Old Designator=R6 New Designator=R?
Change Component Designator: Old Designator=R7 New Designator=R?
Change Component Designator: Old Designator=R8 New Designator=R?
Change Component Designator: Old Designator=R9 New Designator=R?
Change Component Designator: Old Designator=R10 New Designator=R?
Change Component Designator: Old Designator=R11 New Designator=R?
Change Component Designator: Old Designator=R12 New Designator=R?
Change Component Designator: Old Designator=R13 New Designator=R?
Change Component Designator: Old Designator=R14 New Designator=R?
Change Component Designator: Old Designator=R15 New Designator=R?
Change Component Designator: Old Designator=R16 New Designator=R?
Change Component Designator: Old Designator=R17 New Designator=R?
Change Component Designator: Old Designator=R18 New Designator=R?
Change Component Designator: Old Designator=R19 New Designator=R?
Change Component Designator: Old Designator=R20 New Designator=R?
Change Component Designator: Old Designator=R21 New Designator=R?
Change Component Designator: Old Designator=R22 New Designator=R?
Change Component Designator: Old Designator=R23 New Designator=R?
Change Component Designator: Old Designator=R24 New Designator=R?
Change Component Designator: Old Designator=R25 New Designator=R?
Change Component Designator: Old Designator=R26 New Designator=R?
Change Component Designator: Old Designator=R27 New Designator=R?
Change Component Designator: Old Designator=R28 New Designator=R?
Change Component Designator: Old Designator=R29 New Designator=R?
Change Component Designator: Old Designator=R30 New Designator=R?
Change Component Designator: Old Designator=R31 New Designator=R?
Change Component Designator: Old Designator=R32 New Designator=R?
Change Component Designator: Old Designator=R33 New Designator=R?
Change Component Designator: Old Designator=R34 New Designator=R?
Change Component Designator: Old Designator=R35 New Designator=R?
Change Component Designator: Old Designator=R36 New Designator=R?
Change Component Designator: Old Designator=R37 New Designator=R?
Change Component Designator: Old Designator=R38 New Designator=R?
Change Component Designator: Old Designator=R39 New Designator=R?
Change Component Designator: Old Designator=R40 New Designator=R?
Change Component Designator: Old Designator=R41 New Designator=R?
Change Component Designator: Old Designator=VD1 New Designator=VD?
Change Component Designator: Old Designator=VD2 New Designator=VD?
Change Component Designator: Old Designator=VD3 New Designator=VD?
Change Component Designator: Old Designator=VD4 New Designator=VD?
Change Component Designator: Old Designator=VD5 New Designator=VD?
Change Component Designator: Old Designator=VD6 New Designator=VD?
Change Component Designator: Old Designator=VD7 New Designator=VD?
Change Component Designator: Old Designator=VD8 New Designator=VD?
Change Component Designator: Old Designator=VD9 New Designator=VD?
Change Component Designator: Old Designator=VD10 New Designator=VD?
Change Component Designator: Old Designator=VD11 New Designator=VD?
Change Component Designator: Old Designator=VD12 New Designator=VD?
Change Component Designator: Old Designator=VD13 New Designator=VD?
Change Component Designator: Old Designator=VD14 New Designator=VD?
Change Component Designator: Old Designator=VD15 New Designator=VD?
Change Component Designator: Old Designator=VT1 New Designator=VT?
Change Component Designator: Old Designator=VT2 New Designator=VT?
Change Component Designator: Old Designator=VT3 New Designator=VT?
Change Component Designator: Old Designator=VT4 New Designator=VT?
Change Component Designator: Old Designator=VT5 New Designator=VT?
Change Component Designator: Old Designator=VT6 New Designator=VT?
Change Component Designator: Old Designator=X1 New Designator=X?
Change Component Designator: Old Designator=X2 New Designator=X?
Change Component Designator: Old Designator=X3 New Designator=X?
Change Component Designator: Old Designator=X4 New Designator=X?
Change Component Designator: Old Designator=X5 New Designator=X?
Change Component Designator: Old Designator=X6 New Designator=X?
Change Component Designator: Old Designator=X7 New Designator=X?
Change Component Designator: Old Designator=X8 New Designator=X?
