Removed Pin From Net: NetName=GND Pin=C6-1
Removed Pin From Net: NetName=GND Pin=C7-1
Removed Pin From Net: NetName=+5 Pin=C7-2
Removed Pin From Net: NetName=GND Pin=C10-1
Removed Pin From Net: NetName=GND Pin=C11-1
Removed Pin From Net: NetName=+5 Pin=C11-2
Removed Pin From Net: NetName=GND Pin=C16-1
Removed Pin From Net: NetName=GND Pin=C17-1
Removed Pin From Net: NetName=+5 Pin=C17-2
Removed Pin From Net: NetName=NetC26_1 Pin=C26-1
Removed Pin From Net: NetName=Current_A Pin=DA1-1
Removed Pin From Net: NetName=Current_A Pin=DA1-2
Removed Pin From Net: NetName=Power_GND Pin=DA1-3
Removed Pin From Net: NetName=Power_GND Pin=DA1-4
Removed Pin From Net: NetName=Current_A_out Pin=DA1-7
Removed Pin From Net: NetName=+5 Pin=DA1-8
Removed Pin From Net: NetName=Current_B Pin=DA3-1
Removed Pin From Net: NetName=Current_B Pin=DA3-2
Removed Pin From Net: NetName=Power_GND Pin=DA3-3
Removed Pin From Net: NetName=Power_GND Pin=DA3-4
Removed Pin From Net: NetName=Current_B_out Pin=DA3-7
Removed Pin From Net: NetName=+5 Pin=DA3-8
Removed Pin From Net: NetName=Current_C Pin=DA4-1
Removed Pin From Net: NetName=Current_C Pin=DA4-2
Removed Pin From Net: NetName=Power_GND Pin=DA4-3
Removed Pin From Net: NetName=Power_GND Pin=DA4-4
Removed Pin From Net: NetName=Current_C_out Pin=DA4-7
Removed Pin From Net: NetName=+5 Pin=DA4-8
Removed Member From Class: ClassName=bridge Member=C17
Removed Member From Class: ClassName=bridge Member=C18
Removed Member From Class: ClassName=bridge Member=C19
Removed Member From Class: ClassName=bridge Member=C20
Removed Member From Class: ClassName=bridge Member=C21
Removed Member From Class: ClassName=bridge Member=C22
Change Component Comment : Designator=DA1 Old Comment=ACS712ELCTR New Comment=AD623ARZ
Change Component Comment : Designator=DA3 Old Comment=ACS712ELCTR New Comment=AD623ARZ
Change Component Comment : Designator=DA4 Old Comment=ACS712ELCTR New Comment=AD623ARZ
Change Component Designator: OldDesignator=C8 NewDesignator=C6
Change Component Designator: OldDesignator=C9 NewDesignator=C7
Change Component Designator: OldDesignator=C12 NewDesignator=C8
Change Component Designator: OldDesignator=C13 NewDesignator=C9
Change Component Designator: OldDesignator=C14 NewDesignator=C10
Change Component Designator: OldDesignator=C15 NewDesignator=C11
Change Component Designator: OldDesignator=C18 NewDesignator=C12
Change Component Designator: OldDesignator=C19 NewDesignator=C13
Change Component Designator: OldDesignator=C20 NewDesignator=C14
Change Component Designator: OldDesignator=C21 NewDesignator=C15
Change Component Designator: OldDesignator=C22 NewDesignator=C16
Change Component Designator: OldDesignator=C23 NewDesignator=C17
Change Component Designator: OldDesignator=C24 NewDesignator=C18
Change Component Designator: OldDesignator=C25 NewDesignator=C19
Change Component Designator: OldDesignator=C26 NewDesignator=C20
Change Component Designator: OldDesignator=C27 NewDesignator=C21
Change Component Designator: OldDesignator=C28 NewDesignator=C22
Change Component Designator: OldDesignator=C29 NewDesignator=C23
Change Component Designator: OldDesignator=C30 NewDesignator=C24
Change Component Designator: OldDesignator=C31 NewDesignator=C25
Change Component Designator: OldDesignator=C32 NewDesignator=C26
Change Component Designator: OldDesignator=C33 NewDesignator=C27
Change Component Designator: OldDesignator=C34 NewDesignator=C28
Change Component Designator: OldDesignator=C35 NewDesignator=C29
Change Component Designator: OldDesignator=C36 NewDesignator=C30
Change Component Designator: OldDesignator=C37 NewDesignator=C31
Change Component Designator: OldDesignator=C38 NewDesignator=C32
Change Component Designator: OldDesignator=C39 NewDesignator=C33
Change Component Designator: OldDesignator=C40 NewDesignator=C34
Change Component Designator: OldDesignator=C41 NewDesignator=C35
Change Component Designator: OldDesignator=C42 NewDesignator=C36
Change Component Designator: OldDesignator=C43 NewDesignator=C37
Change Component Designator: OldDesignator=C44 NewDesignator=C38
Change Component Designator: OldDesignator=C45 NewDesignator=C39
Change Component Designator: OldDesignator=C46 NewDesignator=C40
Change Component Designator: OldDesignator=C47 NewDesignator=C41
Change Component Designator: OldDesignator=C48 NewDesignator=C42
Change Component Designator: OldDesignator=C49 NewDesignator=C43
Change Component Designator: OldDesignator=C50 NewDesignator=C44
Change Component Designator: OldDesignator=C51 NewDesignator=C45
Change Component Designator: OldDesignator=C52 NewDesignator=C46
Change Component Designator: OldDesignator=C53 NewDesignator=C47
Change Component Designator: OldDesignator=C54 NewDesignator=C48
Change Component Designator: OldDesignator=C55 NewDesignator=C49
Change Component Designator: OldDesignator=C56 NewDesignator=C50
Change Component Designator: OldDesignator=C57 NewDesignator=C51
Change Component Designator: OldDesignator=C58 NewDesignator=C52
Change Component Designator: OldDesignator=R2 NewDesignator=R5
Change Component Designator: OldDesignator=R3 NewDesignator=R6
Change Component Designator: OldDesignator=R4 NewDesignator=R7
Change Component Designator: OldDesignator=R5 NewDesignator=R8
Change Component Designator: OldDesignator=R6 NewDesignator=R9
Change Component Designator: OldDesignator=R7 NewDesignator=R10
Change Component Designator: OldDesignator=R8 NewDesignator=R14
Change Component Designator: OldDesignator=R9 NewDesignator=R17
Change Component Designator: OldDesignator=R10 NewDesignator=R19
Change Component Designator: OldDesignator=R11 NewDesignator=R20
Change Component Designator: OldDesignator=R12 NewDesignator=R21
Change Component Designator: OldDesignator=R13 NewDesignator=R22
Change Component Designator: OldDesignator=R14 NewDesignator=R23
Change Component Designator: OldDesignator=R15 NewDesignator=R24
Change Component Designator: OldDesignator=R16 NewDesignator=R25
Change Component Designator: OldDesignator=R17 NewDesignator=R26
Change Component Designator: OldDesignator=R18 NewDesignator=R27
Change Component Designator: OldDesignator=R19 NewDesignator=R28
Change Component Designator: OldDesignator=R20 NewDesignator=R29
Change Component Designator: OldDesignator=R21 NewDesignator=R30
Change Component Designator: OldDesignator=R22 NewDesignator=R31
Change Component Designator: OldDesignator=R23 NewDesignator=R32
Change Component Designator: OldDesignator=R24 NewDesignator=R33
Change Component Designator: OldDesignator=R25 NewDesignator=R34
Change Component Designator: OldDesignator=R26 NewDesignator=R35
Change Component Designator: OldDesignator=R27 NewDesignator=R36
Change Component Designator: OldDesignator=R28 NewDesignator=R37
Change Component Designator: OldDesignator=R29 NewDesignator=R38
Change Component Designator: OldDesignator=R30 NewDesignator=R39
Change Component Designator: OldDesignator=R31 NewDesignator=R40
Change Component Designator: OldDesignator=R32 NewDesignator=R41
Change Component Designator: OldDesignator=R33 NewDesignator=R42
Change Component Designator: OldDesignator=R34 NewDesignator=R43
Change Component Designator: OldDesignator=R35 NewDesignator=R44
Change Component Designator: OldDesignator=R36 NewDesignator=R45
Change Component Designator: OldDesignator=R37 NewDesignator=R46
Change Component Designator: OldDesignator=R38 NewDesignator=R47
Change Component Designator: OldDesignator=R39 NewDesignator=R48
Change Component Designator: OldDesignator=R40 NewDesignator=R49
Change Component Designator: OldDesignator=R41 NewDesignator=R50
Change Component Designator: OldDesignator=R42 NewDesignator=R51
Change Component Designator: OldDesignator=R43 NewDesignator=R52
Change Component Designator: OldDesignator=R44 NewDesignator=R53
Change Component Designator: OldDesignator=R45 NewDesignator=R54
Change Component Designator: OldDesignator=R46 NewDesignator=R55
Change Component Designator: OldDesignator=R47 NewDesignator=R56
Change Component Designator: OldDesignator=R48 NewDesignator=R57
Change Component Designator: OldDesignator=R49 NewDesignator=R58
Change component parameters: Designator = "DA1" ("DA1"); Footprint = "SO8"; UniqueID = "\KMRETUXC" ("\KMRETUXC")
Change component parameters (AddParameter): Name = "ComponentLink1Description"; Value = "Product link"; VariantName = "[No Variations]"
Change component parameters (AddParameter): Name = "ComponentLink1URL"; Value = "https://www.platan.ru/cgi-bin/qwery.pl/id=2010029983"; VariantName = "[No Variations]"
Change component parameters (AddParameter): Name = "Datasheet"; Value = "https://doc.platan.ru/pdf/datasheets/analogdevices/AD623-877194.pdf"; VariantName = "[No Variations]"
Change component parameters: Designator = "DA3" ("DA3"); Footprint = "SO8"; UniqueID = "\EDXXKLZI" ("\EDXXKLZI")
Change component parameters (AddParameter): Name = "ComponentLink1Description"; Value = "Product link"; VariantName = "[No Variations]"
Change component parameters (AddParameter): Name = "ComponentLink1URL"; Value = "https://www.platan.ru/cgi-bin/qwery.pl/id=2010029983"; VariantName = "[No Variations]"
Change component parameters (AddParameter): Name = "Datasheet"; Value = "https://doc.platan.ru/pdf/datasheets/analogdevices/AD623-877194.pdf"; VariantName = "[No Variations]"
Change component parameters: Designator = "DA4" ("DA4"); Footprint = "SO8"; UniqueID = "\UCGMYWSQ" ("\UCGMYWSQ")
Change component parameters (AddParameter): Name = "ComponentLink1Description"; Value = "Product link"; VariantName = "[No Variations]"
Change component parameters (AddParameter): Name = "ComponentLink1URL"; Value = "https://www.platan.ru/cgi-bin/qwery.pl/id=2010029983"; VariantName = "[No Variations]"
Change component parameters (AddParameter): Name = "Datasheet"; Value = "https://doc.platan.ru/pdf/datasheets/analogdevices/AD623-877194.pdf"; VariantName = "[No Variations]"
Added Component: Designator=R2(2816R)
Add component (AddParameter): Name = "ComponentLink1Description"; Value = "Product link"; VariantName = "[No Variations]"
Add component (AddParameter): Name = "ComponentLink1URL"; Value = "https://www.platan.ru/cgi-bin/qwery.pl/id=224066896"; VariantName = "[No Variations]"
Add component (AddParameter): Name = "Power"; Value = "2Â"; VariantName = "[No Variations]"
Add component (AddParameter): Name = "Value"; Value = "20ìÎì"; VariantName = "[No Variations]"
Added Component: Designator=R3(2816R)
Add component (AddParameter): Name = "ComponentLink1Description"; Value = "Product link"; VariantName = "[No Variations]"
Add component (AddParameter): Name = "ComponentLink1URL"; Value = "https://www.platan.ru/cgi-bin/qwery.pl/id=224066896"; VariantName = "[No Variations]"
Add component (AddParameter): Name = "Power"; Value = "2Â"; VariantName = "[No Variations]"
Add component (AddParameter): Name = "Value"; Value = "20ìÎì"; VariantName = "[No Variations]"
Added Component: Designator=R4(0402R)
Add component (AddParameter): Name = "ComponentLink1Description"; Value = "Product link"; VariantName = "[No Variations]"
Add component (AddParameter): Name = "ComponentLink1URL"; Value = "https://www.chipdip.ru/product0/9000189841"; VariantName = "[No Variations]"
Add component (AddParameter): Name = "Power"; Value = ""; VariantName = "[No Variations]"
Add component (AddParameter): Name = "Value"; Value = "11êÎì"; VariantName = "[No Variations]"
Added Component: Designator=R11(2816R)
Add component (AddParameter): Name = "ComponentLink1Description"; Value = "Product link"; VariantName = "[No Variations]"
Add component (AddParameter): Name = "ComponentLink1URL"; Value = "https://www.platan.ru/cgi-bin/qwery.pl/id=224066896"; VariantName = "[No Variations]"
Add component (AddParameter): Name = "Power"; Value = "2Â"; VariantName = "[No Variations]"
Add component (AddParameter): Name = "Value"; Value = "20ìÎì"; VariantName = "[No Variations]"
Added Component: Designator=R12(2816R)
Add component (AddParameter): Name = "ComponentLink1Description"; Value = "Product link"; VariantName = "[No Variations]"
Add component (AddParameter): Name = "ComponentLink1URL"; Value = "https://www.platan.ru/cgi-bin/qwery.pl/id=224066896"; VariantName = "[No Variations]"
Add component (AddParameter): Name = "Power"; Value = "2Â"; VariantName = "[No Variations]"
Add component (AddParameter): Name = "Value"; Value = "20ìÎì"; VariantName = "[No Variations]"
Added Component: Designator=R13(0402R)
Add component (AddParameter): Name = "ComponentLink1Description"; Value = "Product link"; VariantName = "[No Variations]"
Add component (AddParameter): Name = "ComponentLink1URL"; Value = "https://www.chipdip.ru/product0/9000189841"; VariantName = "[No Variations]"
Add component (AddParameter): Name = "Power"; Value = ""; VariantName = "[No Variations]"
Add component (AddParameter): Name = "Value"; Value = "11êÎì"; VariantName = "[No Variations]"
Added Component: Designator=R15(2816R)
Add component (AddParameter): Name = "ComponentLink1Description"; Value = "Product link"; VariantName = "[No Variations]"
Add component (AddParameter): Name = "ComponentLink1URL"; Value = "https://www.platan.ru/cgi-bin/qwery.pl/id=224066896"; VariantName = "[No Variations]"
Add component (AddParameter): Name = "Power"; Value = "2Â"; VariantName = "[No Variations]"
Add component (AddParameter): Name = "Value"; Value = "20ìÎì"; VariantName = "[No Variations]"
Added Component: Designator=R16(2816R)
Add component (AddParameter): Name = "ComponentLink1Description"; Value = "Product link"; VariantName = "[No Variations]"
Add component (AddParameter): Name = "ComponentLink1URL"; Value = "https://www.platan.ru/cgi-bin/qwery.pl/id=224066896"; VariantName = "[No Variations]"
Add component (AddParameter): Name = "Power"; Value = "2Â"; VariantName = "[No Variations]"
Add component (AddParameter): Name = "Value"; Value = "20ìÎì"; VariantName = "[No Variations]"
Added Component: Designator=R18(0402R)
Add component (AddParameter): Name = "ComponentLink1Description"; Value = "Product link"; VariantName = "[No Variations]"
Add component (AddParameter): Name = "ComponentLink1URL"; Value = "https://www.chipdip.ru/product0/9000189841"; VariantName = "[No Variations]"
Add component (AddParameter): Name = "Power"; Value = ""; VariantName = "[No Variations]"
Add component (AddParameter): Name = "Value"; Value = "11êÎì"; VariantName = "[No Variations]"
Added Pin To Net: NetName=NetC26_1 Pin=C26-1
Added Pin To Net: NetName=Power_GND Pin=DA1-2
Added Pin To Net: NetName=Current_A Pin=DA1-3
Added Pin To Net: NetName=GND Pin=DA1-4
Added Pin To Net: NetName=Current_A_out Pin=DA1-6
Added Pin To Net: NetName=+5 Pin=DA1-7
Added Pin To Net: NetName=Power_GND Pin=DA3-2
Added Pin To Net: NetName=Current_B Pin=DA3-3
Added Pin To Net: NetName=GND Pin=DA3-4
Added Pin To Net: NetName=Current_B_out Pin=DA3-6
Added Pin To Net: NetName=+5 Pin=DA3-7
Added Pin To Net: NetName=Power_GND Pin=DA4-2
Added Pin To Net: NetName=Current_C Pin=DA4-3
Added Pin To Net: NetName=GND Pin=DA4-4
Added Pin To Net: NetName=Current_C_out Pin=DA4-6
Added Pin To Net: NetName=+5 Pin=DA4-7
Added Pin To Net: NetName=Current_A Pin=R2-1
Added Pin To Net: NetName=Power_GND Pin=R2-2
Added Pin To Net: NetName=Current_A Pin=R3-1
Added Pin To Net: NetName=Power_GND Pin=R3-2
Added Pin To Net: NetName=Current_B Pin=R11-1
Added Pin To Net: NetName=Power_GND Pin=R11-2
Added Pin To Net: NetName=Current_B Pin=R12-1
Added Pin To Net: NetName=Power_GND Pin=R12-2
Added Pin To Net: NetName=Current_C Pin=R15-1
Added Pin To Net: NetName=Power_GND Pin=R15-2
Added Pin To Net: NetName=Current_C Pin=R16-1
Added Pin To Net: NetName=Power_GND Pin=R16-2
Added Pin To Net: NetName=NetC26_1 Pin=SB3-1
Added Pin To Net: NetName=NetC26_1 Pin=SB3-1
Change Net Name : Old Net Name=NetC12_2 New Net Name=NetC8_2
Change Net Name : Old Net Name=NetC18_2 New Net Name=NetC12_2
Change Net Name : Old Net Name=NetC23_2 New Net Name=NetC17_2
Change Net Name : Old Net Name=NetC30_1 New Net Name=NetC24_1
Change Net Name : Old Net Name=NetC35_1 New Net Name=NetC29_1
Change Net Name : Old Net Name=NetC43_1 New Net Name=NetC37_1
Change Net Name : Old Net Name=NetC43_2 New Net Name=NetC37_2
Change Net Name : Old Net Name=NetC44_1 New Net Name=NetC38_1
Change Net Name : Old Net Name=NetC44_2 New Net Name=NetC38_2
Change Net Name : Old Net Name=NetC46_1 New Net Name=NetC40_1
Change Net Name : Old Net Name=NetC51_1 New Net Name=NetC45_1
Change Net Name : Old Net Name=NetC51_2 New Net Name=NetC45_2
Change Net Name : Old Net Name=NetC55_1 New Net Name=NetC49_1
Change Net Name : Old Net Name=NetC55_2 New Net Name=NetC49_2
Change Net Name : Old Net Name=NetR2_1 New Net Name=NetR5_1
Change Net Name : Old Net Name=NetR4_1 New Net Name=NetR7_1
Change Net Name : Old Net Name=NetR8_1 New Net Name=NetR14_1
Change Net Name : Old Net Name=NetR9_1 New Net Name=NetR17_1
Change Net Name : Old Net Name=NetR11_1 New Net Name=NetR20_1
Change Net Name : Old Net Name=NetR18_1 New Net Name=NetR27_1
Change Net Name : Old Net Name=NetR20_1 New Net Name=NetR29_1
Change Net Name : Old Net Name=NetR22_1 New Net Name=NetR31_1
Change Net Name : Old Net Name=NetR42_2 New Net Name=NetR51_2
Change Net Name : Old Net Name=NetR43_2 New Net Name=NetR52_2
Change Net Name : Old Net Name=NetR46_2 New Net Name=NetR55_2
Change Net Name : Old Net Name=NetR48_2 New Net Name=NetR57_2
Added Pin To Net: NetName=NetC20_1 Pin=C20-1
Added Net: Name=NetC20_1
Added Pin To Net: NetName=NetC23_1 Pin=C23-1
Added Pin To Net: NetName=NetC23_1 Pin=SB1-1
Added Pin To Net: NetName=NetC23_1 Pin=SB1-1
Added Net: Name=NetC23_1
Added Pin To Net: NetName=NetC27_1 Pin=C27-1
Added Pin To Net: NetName=NetC27_1 Pin=Z2-2
Added Net: Name=NetC27_1
Added Pin To Net: NetName=NetDA1_1 Pin=DA1-1
Added Pin To Net: NetName=NetDA1_1 Pin=R4-2
Added Net: Name=NetDA1_1
Added Pin To Net: NetName=NetDA1_8 Pin=DA1-8
Added Pin To Net: NetName=NetDA1_8 Pin=R4-1
Added Net: Name=NetDA1_8
Added Pin To Net: NetName=NetDA3_1 Pin=DA3-1
Added Pin To Net: NetName=NetDA3_1 Pin=R13-2
Added Net: Name=NetDA3_1
Added Pin To Net: NetName=NetDA3_8 Pin=DA3-8
Added Pin To Net: NetName=NetDA3_8 Pin=R13-1
Added Net: Name=NetDA3_8
Added Pin To Net: NetName=NetDA4_1 Pin=DA4-1
Added Pin To Net: NetName=NetDA4_1 Pin=R18-2
Added Net: Name=NetDA4_1
Added Pin To Net: NetName=NetDA4_8 Pin=DA4-8
Added Pin To Net: NetName=NetDA4_8 Pin=R18-1
Added Net: Name=NetDA4_8
Added Pin To Net: NetName=NetR43_1 Pin=R43-1
Added Net: Name=NetR43_1
Added Pin To Net: NetName=NetR44_1 Pin=R44-1
Added Net: Name=NetR44_1
Added Pin To Net: NetName=NetR45_2 Pin=R45-2
Added Net: Name=NetR45_2
Added Member To Class: ClassName=bridge Member=Component R26 Resistor
Added Member To Class: ClassName=bridge Member=Component R27 Resistor
Added Member To Class: ClassName=bridge Member=Component R28 Resistor
Added Member To Class: ClassName=bridge Member=Component R29 Resistor
Added Member To Class: ClassName=bridge Member=Component R30 Resistor
Added Member To Class: ClassName=bridge Member=Component R31 Resistor
Added Member To Class: ClassName=bridge Member=Component R32 Resistor
Added Member To Class: ClassName=bridge Member=Component R33 Resistor
Added Member To Class: ClassName=bridge Member=Component R34 Resistor
Added Room: Name=bridge
Added Room: Name=power_elements
Added Room: Name=Sheet1
