Removed Pin From Net: NetName=ext3 Pin=C17-1
Removed Pin From Net: NetName=ext3 Pin=C19-1
Removed Pin From Net: NetName=GND Pin=DA1-5
Removed Pin From Net: NetName=GND Pin=DA3-5
Removed Pin From Net: NetName=GND Pin=DA4-5
Removed Pin From Net: NetName=NetDA6_3 Pin=DA6-3
Removed Pin From Net: NetName=Current_B Pin=R11-1
Removed Pin From Net: NetName=Power_GND Pin=R11-2
Removed Pin From Net: NetName=Current_B Pin=R12-1
Removed Pin From Net: NetName=Power_GND Pin=R12-2
Removed Pin From Net: NetName=NetDA3_8 Pin=R13-1
Removed Pin From Net: NetName=NetDA3_1 Pin=R13-2
Removed Pin From Net: NetName=Current_C Pin=R15-1
Removed Pin From Net: NetName=Power_GND Pin=R15-2
Removed Pin From Net: NetName=Current_C Pin=R16-1
Removed Pin From Net: NetName=Power_GND Pin=R16-2
Removed Pin From Net: NetName=NetDA4_8 Pin=R18-1
Removed Pin From Net: NetName=NetDA4_1 Pin=R18-2
Removed Pin From Net: NetName=Current_A_out Pin=R25-1
Removed Pin From Net: NetName=NetDA6_3 Pin=R25-2
Removed Pin From Net: NetName=Current_B_out Pin=R26-1
Removed Pin From Net: NetName=NetDA6_3 Pin=R26-2
Removed Pin From Net: NetName=Current_C_out Pin=R28-1
Removed Pin From Net: NetName=NetDA6_3 Pin=R28-2
Removed Pin From Net: NetName=ext3 Pin=R36-2
Change Component Footprint: Designator=R13 Old Footprint=0402R New Footprint=2816R
Change Component Footprint: Designator=C14 Old Footprint=0805 New Footprint=C0603C
Change Component Footprint: Designator=R15 Old Footprint=2816R New Footprint=0402R
Change Component Footprint: Designator=R16 Old Footprint=2816R New Footprint=0402R
Change Component Designator: OldDesignator=C2 NewDesignator=C4
Change Component Designator: OldDesignator=C3 NewDesignator=C5
Change Component Designator: OldDesignator=C4 NewDesignator=C6
Change Component Designator: OldDesignator=C5 NewDesignator=C7
Change Component Designator: OldDesignator=C6 NewDesignator=C8
Change Component Designator: OldDesignator=C7 NewDesignator=C9
Change Component Designator: OldDesignator=C8 NewDesignator=C12
Change Component Designator: OldDesignator=C9 NewDesignator=C13
Change Component Designator: OldDesignator=C10 NewDesignator=C16
Change Component Designator: OldDesignator=C11 NewDesignator=C17
Change Component Designator: OldDesignator=C12 NewDesignator=C18
Change Component Designator: OldDesignator=C13 NewDesignator=C19
Change Component Designator: OldDesignator=C15 NewDesignator=C22
Change Component Designator: OldDesignator=C16 NewDesignator=C23
Change Component Designator: OldDesignator=C17 NewDesignator=C24
Change Component Designator: OldDesignator=C18 NewDesignator=C26
Change Component Designator: OldDesignator=C19 NewDesignator=C27
Change Component Designator: OldDesignator=C20 NewDesignator=C29
Change Component Designator: OldDesignator=C21 NewDesignator=C30
Change Component Designator: OldDesignator=C22 NewDesignator=C25
Change Component Designator: OldDesignator=C23 NewDesignator=C28
Change Component Designator: OldDesignator=C24 NewDesignator=C34
Change Component Designator: OldDesignator=C25 NewDesignator=C35
Change Component Designator: OldDesignator=C26 NewDesignator=C31
Change Component Designator: OldDesignator=C27 NewDesignator=C32
Change Component Designator: OldDesignator=C28 NewDesignator=C36
Change Component Designator: OldDesignator=C29 NewDesignator=C33
Change Component Designator: OldDesignator=C30 NewDesignator=C37
Change Component Designator: OldDesignator=C31 NewDesignator=C38
Change Component Designator: OldDesignator=C32 NewDesignator=C39
Change Component Designator: OldDesignator=C33 NewDesignator=C40
Change Component Designator: OldDesignator=C34 NewDesignator=C41
Change Component Designator: OldDesignator=C35 NewDesignator=C42
Change Component Designator: OldDesignator=C36 NewDesignator=C43
Change Component Designator: OldDesignator=C37 NewDesignator=C44
Change Component Designator: OldDesignator=C38 NewDesignator=C45
Change Component Designator: OldDesignator=C39 NewDesignator=C46
Change Component Designator: OldDesignator=C40 NewDesignator=C47
Change Component Designator: OldDesignator=C41 NewDesignator=C48
Change Component Designator: OldDesignator=C42 NewDesignator=C49
Change Component Designator: OldDesignator=C43 NewDesignator=C50
Change Component Designator: OldDesignator=C44 NewDesignator=C51
Change Component Designator: OldDesignator=C45 NewDesignator=C52
Change Component Designator: OldDesignator=C46 NewDesignator=C53
Change Component Designator: OldDesignator=C47 NewDesignator=C54
Change Component Designator: OldDesignator=C48 NewDesignator=C55
Change Component Designator: OldDesignator=C49 NewDesignator=C56
Change Component Designator: OldDesignator=C50 NewDesignator=C57
Change Component Designator: OldDesignator=C51 NewDesignator=C58
Change Component Designator: OldDesignator=C52 NewDesignator=C59
Change Component Designator: OldDesignator=R4 NewDesignator=R5
Change Component Designator: OldDesignator=R5 NewDesignator=R4
Change Component Designator: OldDesignator=R7 NewDesignator=R9
Change Component Designator: OldDesignator=R8 NewDesignator=R10
Change Component Designator: OldDesignator=R9 NewDesignator=R11
Change Component Designator: OldDesignator=R10 NewDesignator=R12
Change Component Designator: OldDesignator=R14 NewDesignator=R18
Change Component Designator: OldDesignator=R17 NewDesignator=R19
Change Component Designator: OldDesignator=R19 NewDesignator=R22
Change Component Designator: OldDesignator=R20 NewDesignator=R24
Change Component Designator: OldDesignator=R21 NewDesignator=R27
Change Component Designator: OldDesignator=R22 NewDesignator=R28
Change Component Designator: OldDesignator=R23 NewDesignator=R29
Change Component Designator: OldDesignator=R24 NewDesignator=R30
Change Component Designator: OldDesignator=R25 NewDesignator=R32
Change Component Designator: OldDesignator=R27 NewDesignator=R34
Change Component Designator: OldDesignator=R29 NewDesignator=R36
Change Component Designator: OldDesignator=R30 NewDesignator=R37
Change Component Designator: OldDesignator=R31 NewDesignator=R38
Change Component Designator: OldDesignator=R32 NewDesignator=R39
Change Component Designator: OldDesignator=R33 NewDesignator=R40
Change Component Designator: OldDesignator=R34 NewDesignator=R41
Change Component Designator: OldDesignator=R35 NewDesignator=R42
Change Component Designator: OldDesignator=R36 NewDesignator=R43
Change Component Designator: OldDesignator=R37 NewDesignator=R44
Change Component Designator: OldDesignator=R38 NewDesignator=R45
Change Component Designator: OldDesignator=R39 NewDesignator=R46
Change Component Designator: OldDesignator=R40 NewDesignator=R47
Change Component Designator: OldDesignator=R41 NewDesignator=R48
Change Component Designator: OldDesignator=R42 NewDesignator=R49
Change Component Designator: OldDesignator=R43 NewDesignator=R51
Change Component Designator: OldDesignator=R44 NewDesignator=R52
Change Component Designator: OldDesignator=R45 NewDesignator=R50
Change Component Designator: OldDesignator=R46 NewDesignator=R53
Change Component Designator: OldDesignator=R47 NewDesignator=R54
Change Component Designator: OldDesignator=R48 NewDesignator=R55
Change Component Designator: OldDesignator=R49 NewDesignator=R56
Change Component Designator: OldDesignator=R50 NewDesignator=R57
Change Component Designator: OldDesignator=R51 NewDesignator=R58
Change Component Designator: OldDesignator=R52 NewDesignator=R59
Change Component Designator: OldDesignator=R53 NewDesignator=R60
Change Component Designator: OldDesignator=R54 NewDesignator=R61
Change Component Designator: OldDesignator=R55 NewDesignator=R62
Change Component Designator: OldDesignator=R56 NewDesignator=R63
Change Component Designator: OldDesignator=R57 NewDesignator=R64
Change Component Designator: OldDesignator=R58 NewDesignator=R65
Change Component Designator: OldDesignator=SB2 NewDesignator=SB3
Change Component Designator: OldDesignator=SB3 NewDesignator=SB2
Change Component Designator: OldDesignator=X6 NewDesignator=X8
Change Component Designator: OldDesignator=X7 NewDesignator=X6
Change Component Designator: OldDesignator=X8 NewDesignator=X9
Change Component Designator: OldDesignator=X9 NewDesignator=X7
Change Component Designator: OldDesignator=Z1 NewDesignator=Z2
Change Component Designator: OldDesignator=Z2 NewDesignator=Z1
Change component parameters: Designator = "C14" ("C14"); Footprint = "0805"; UniqueID = "\HKMBWVRL" ("\HKMBWVRL")
Change component parameters (AddParameter): Name = "ComponentLink1Description"; Value = "Product link"; VariantName = "[No Variations]"
Change component parameters (AddParameter): Name = "ComponentLink1URL"; Value = "https://www.chipdip.ru/product0/9000591947"; VariantName = "[No Variations]"
Change component parameters (AddParameter): Name = "Value"; Value = "0.1 ìêÔ"; VariantName = "[No Variations]"
Change component parameters: Designator = "R25" ("R32"); Footprint = "0402R"; UniqueID = "\XSHBKQNZ" ("\XSHBKQNZ")
Change component parameters (AddParameter): Name = "ComponentLink1Description"; Value = "Product link"; VariantName = "[No Variations]"
Change component parameters (AddParameter): Name = "ComponentLink1URL"; Value = "https://www.chipdip.ru/product0/9000189810"; VariantName = "[No Variations]"
Change component parameters (AddParameter): Name = "Power"; Value = "0.062"; VariantName = "[No Variations]"
Change component parameters (AddParameter): Name = "Value"; Value = "2.2êÎì"; VariantName = "[No Variations]"
Change component parameters: Designator = "R13" ("R13"); Footprint = "0402R"; UniqueID = "\KSCCFWVF" ("\KSCCFWVF")
Change component parameters (AddParameter): Name = "ComponentLink1Description"; Value = "Product link"; VariantName = "[No Variations]"
Change component parameters (AddParameter): Name = "ComponentLink1URL"; Value = "https://www.platan.ru/cgi-bin/qwery.pl/id=224066896"; VariantName = "[No Variations]"
Change component parameters (AddParameter): Name = "Power"; Value = "2Â"; VariantName = "[No Variations]"
Change component parameters (AddParameter): Name = "Value"; Value = "20ìÎì"; VariantName = "[No Variations]"
Change component parameters: Designator = "R15" ("R15"); Footprint = "2816R"; UniqueID = "\TRMEUUZF" ("\TRMEUUZF")
Change component parameters (AddParameter): Name = "ComponentLink1Description"; Value = "Product link"; VariantName = "[No Variations]"
Change component parameters (AddParameter): Name = "ComponentLink1URL"; Value = "https://www.chipdip.ru/product0/9000189841"; VariantName = "[No Variations]"
Change component parameters (AddParameter): Name = "Power"; Value = ""; VariantName = "[No Variations]"
Change component parameters (AddParameter): Name = "Value"; Value = "11êÎì"; VariantName = "[No Variations]"
Change component parameters: Designator = "R16" ("R16"); Footprint = "2816R"; UniqueID = "\QREAEQGO" ("\QREAEQGO")
Change component parameters (AddParameter): Name = "ComponentLink1Description"; Value = "Product link"; VariantName = "[No Variations]"
Change component parameters (AddParameter): Name = "ComponentLink1URL"; Value = "https://www.chipdip.ru/product0/9000189664"; VariantName = "[No Variations]"
Change component parameters (AddParameter): Name = "Power"; Value = "0.062"; VariantName = "[No Variations]"
Change component parameters (AddParameter): Name = "Value"; Value = "10êÎì"; VariantName = "[No Variations]"
Added Component: Designator=C2(C0603C)
Add component (AddParameter): Name = "ComponentLink1Description"; Value = "Product link"; VariantName = "[No Variations]"
Add component (AddParameter): Name = "ComponentLink1URL"; Value = "https://www.chipdip.ru/product0/9000591947"; VariantName = "[No Variations]"
Add component (AddParameter): Name = "Value"; Value = "0.1 ìêÔ"; VariantName = "[No Variations]"
Added Component: Designator=C3(0805)
Add component (AddParameter): Name = "ComponentLink1Description"; Value = "Product link"; VariantName = "[No Variations]"
Add component (AddParameter): Name = "ComponentLink1URL"; Value = "https://www.chipdip.ru/product0/9000671061"; VariantName = "[No Variations]"
Add component (AddParameter): Name = "Value"; Value = "10 ìêÔ"; VariantName = "[No Variations]"
Added Component: Designator=C10(C0603C)
Add component (AddParameter): Name = "ComponentLink1Description"; Value = "Product link"; VariantName = "[No Variations]"
Add component (AddParameter): Name = "ComponentLink1URL"; Value = "https://www.chipdip.ru/product0/9000591947"; VariantName = "[No Variations]"
Add component (AddParameter): Name = "Value"; Value = "0.1 ìêÔ"; VariantName = "[No Variations]"
Added Component: Designator=C11(0805)
Add component (AddParameter): Name = "ComponentLink1Description"; Value = "Product link"; VariantName = "[No Variations]"
Add component (AddParameter): Name = "ComponentLink1URL"; Value = "https://www.chipdip.ru/product0/9000671061"; VariantName = "[No Variations]"
Add component (AddParameter): Name = "Value"; Value = "10 ìêÔ"; VariantName = "[No Variations]"
Added Component: Designator=C15(0805)
Add component (AddParameter): Name = "ComponentLink1Description"; Value = "Product link"; VariantName = "[No Variations]"
Add component (AddParameter): Name = "ComponentLink1URL"; Value = "https://www.chipdip.ru/product0/9000671061"; VariantName = "[No Variations]"
Add component (AddParameter): Name = "Value"; Value = "10 ìêÔ"; VariantName = "[No Variations]"
Added Component: Designator=C20(C1206C)
Add component (AddParameter): Name = "ComponentLink1Description"; Value = "Product link"; VariantName = "[No Variations]"
Add component (AddParameter): Name = "ComponentLink1URL"; Value = "https://www.chipdip.ru/product/grm319r71h102k"; VariantName = "[No Variations]"
Add component (AddParameter): Name = "Value"; Value = "1íô"; VariantName = "[No Variations]"
Added Component: Designator=C21(C0603C)
Add component (AddParameter): Name = "ComponentLink1Description"; Value = "Product link"; VariantName = "[No Variations]"
Add component (AddParameter): Name = "ComponentLink1URL"; Value = "https://www.chipdip.ru/product0/9000591947"; VariantName = "[No Variations]"
Add component (AddParameter): Name = "Value"; Value = "0.1 ìêÔ"; VariantName = "[No Variations]"
Added Component: Designator=R7(0402R)
Add component (AddParameter): Name = "ComponentLink1Description"; Value = "Product link"; VariantName = "[No Variations]"
Add component (AddParameter): Name = "ComponentLink1URL"; Value = "https://www.chipdip.ru/product0/9000189664"; VariantName = "[No Variations]"
Add component (AddParameter): Name = "Power"; Value = "0.062"; VariantName = "[No Variations]"
Add component (AddParameter): Name = "Value"; Value = "10êÎì"; VariantName = "[No Variations]"
Added Component: Designator=R8(0402R)
Add component (AddParameter): Name = "ComponentLink1Description"; Value = "Product link"; VariantName = "[No Variations]"
Add component (AddParameter): Name = "ComponentLink1URL"; Value = "https://www.chipdip.ru/product0/9000189664"; VariantName = "[No Variations]"
Add component (AddParameter): Name = "Power"; Value = "0.062"; VariantName = "[No Variations]"
Add component (AddParameter): Name = "Value"; Value = "10êÎì"; VariantName = "[No Variations]"
Added Component: Designator=R14(2816R)
Add component (AddParameter): Name = "ComponentLink1Description"; Value = "Product link"; VariantName = "[No Variations]"
Add component (AddParameter): Name = "ComponentLink1URL"; Value = "https://www.platan.ru/cgi-bin/qwery.pl/id=224066896"; VariantName = "[No Variations]"
Add component (AddParameter): Name = "Power"; Value = "2Â"; VariantName = "[No Variations]"
Add component (AddParameter): Name = "Value"; Value = "20ìÎì"; VariantName = "[No Variations]"
Added Component: Designator=R17(0402R)
Add component (AddParameter): Name = "ComponentLink1Description"; Value = "Product link"; VariantName = "[No Variations]"
Add component (AddParameter): Name = "ComponentLink1URL"; Value = "https://www.chipdip.ru/product0/9000189664"; VariantName = "[No Variations]"
Add component (AddParameter): Name = "Power"; Value = "0.062"; VariantName = "[No Variations]"
Add component (AddParameter): Name = "Value"; Value = "10êÎì"; VariantName = "[No Variations]"
Added Component: Designator=R20(2816R)
Add component (AddParameter): Name = "ComponentLink1Description"; Value = "Product link"; VariantName = "[No Variations]"
Add component (AddParameter): Name = "ComponentLink1URL"; Value = "https://www.platan.ru/cgi-bin/qwery.pl/id=224066896"; VariantName = "[No Variations]"
Add component (AddParameter): Name = "Power"; Value = "2Â"; VariantName = "[No Variations]"
Add component (AddParameter): Name = "Value"; Value = "20ìÎì"; VariantName = "[No Variations]"
Added Component: Designator=R21(2816R)
Add component (AddParameter): Name = "ComponentLink1Description"; Value = "Product link"; VariantName = "[No Variations]"
Add component (AddParameter): Name = "ComponentLink1URL"; Value = "https://www.platan.ru/cgi-bin/qwery.pl/id=224066896"; VariantName = "[No Variations]"
Add component (AddParameter): Name = "Power"; Value = "2Â"; VariantName = "[No Variations]"
Add component (AddParameter): Name = "Value"; Value = "20ìÎì"; VariantName = "[No Variations]"
Added Component: Designator=R23(0402R)
Add component (AddParameter): Name = "ComponentLink1Description"; Value = "Product link"; VariantName = "[No Variations]"
Add component (AddParameter): Name = "ComponentLink1URL"; Value = "https://www.chipdip.ru/product0/9000189841"; VariantName = "[No Variations]"
Add component (AddParameter): Name = "Power"; Value = ""; VariantName = "[No Variations]"
Add component (AddParameter): Name = "Value"; Value = "11êÎì"; VariantName = "[No Variations]"
Added Component: Designator=R25(0402R)
Add component (AddParameter): Name = "ComponentLink1Description"; Value = "Product link"; VariantName = "[No Variations]"
Add component (AddParameter): Name = "ComponentLink1URL"; Value = "https://www.chipdip.ru/product0/9000189664"; VariantName = "[No Variations]"
Add component (AddParameter): Name = "Power"; Value = "0.062"; VariantName = "[No Variations]"
Add component (AddParameter): Name = "Value"; Value = "10êÎì"; VariantName = "[No Variations]"
Added Component: Designator=R31(0402R)
Add component (AddParameter): Name = "ComponentLink1Description"; Value = "Product link"; VariantName = "[No Variations]"
Add component (AddParameter): Name = "ComponentLink1URL"; Value = "https://www.chipdip.ru/product0/9000189752"; VariantName = "[No Variations]"
Add component (AddParameter): Name = "Power"; Value = "0.062"; VariantName = "[No Variations]"
Add component (AddParameter): Name = "Value"; Value = "75êÎì"; VariantName = "[No Variations]"
Added Component: Designator=R33(0402R)
Add component (AddParameter): Name = "ComponentLink1Description"; Value = "Product link"; VariantName = "[No Variations]"
Add component (AddParameter): Name = "ComponentLink1URL"; Value = "https://www.chipdip.ru/product0/9000189810"; VariantName = "[No Variations]"
Add component (AddParameter): Name = "Power"; Value = "0.062"; VariantName = "[No Variations]"
Add component (AddParameter): Name = "Value"; Value = "2.2êÎì"; VariantName = "[No Variations]"
Added Component: Designator=R35(0402R)
Add component (AddParameter): Name = "ComponentLink1Description"; Value = "Product link"; VariantName = "[No Variations]"
Add component (AddParameter): Name = "ComponentLink1URL"; Value = "https://www.chipdip.ru/product0/9000189810"; VariantName = "[No Variations]"
Add component (AddParameter): Name = "Power"; Value = "0.062"; VariantName = "[No Variations]"
Add component (AddParameter): Name = "Value"; Value = "2.2êÎì"; VariantName = "[No Variations]"
Added Pin To Net: NetName=GND Pin=C2-1
Added Pin To Net: NetName=+5 Pin=C2-2
Added Pin To Net: NetName=GND Pin=C3-1
Added Pin To Net: NetName=+5 Pin=C3-2
Added Pin To Net: NetName=GND Pin=C10-1
Added Pin To Net: NetName=+5 Pin=C10-2
Added Pin To Net: NetName=GND Pin=C11-1
Added Pin To Net: NetName=+5 Pin=C11-2
Added Pin To Net: NetName=GND Pin=C15-1
Added Pin To Net: NetName=+5 Pin=C15-2
Added Pin To Net: NetName=GND Pin=C20-1
Added Pin To Net: NetName=+5 Pin=C21-1
Added Pin To Net: NetName=GND Pin=C21-2
Added Pin To Net: NetName=NetDA6_3 Pin=DA4-5
Added Pin To Net: NetName=GND Pin=R7-1
Added Pin To Net: NetName=ext3 Pin=R8-2
Added Pin To Net: NetName=Current_B Pin=R13-1
Added Pin To Net: NetName=Power_GND Pin=R13-2
Added Pin To Net: NetName=Current_B Pin=R14-1
Added Pin To Net: NetName=Power_GND Pin=R14-2
Added Pin To Net: NetName=NetDA3_8 Pin=R15-1
Added Pin To Net: NetName=NetDA3_1 Pin=R15-2
Added Pin To Net: NetName=GND Pin=R16-1
Added Pin To Net: NetName=ext3 Pin=R17-2
Added Pin To Net: NetName=Current_C Pin=R20-1
Added Pin To Net: NetName=Power_GND Pin=R20-2
Added Pin To Net: NetName=Current_C Pin=R21-1
Added Pin To Net: NetName=Power_GND Pin=R21-2
Added Pin To Net: NetName=NetDA4_8 Pin=R23-1
Added Pin To Net: NetName=NetDA4_1 Pin=R23-2
Added Pin To Net: NetName=GND Pin=R25-1
Added Pin To Net: NetName=NetDA6_3 Pin=R25-2
Added Pin To Net: NetName=NetDA6_3 Pin=R26-1
Added Pin To Net: NetName=ext3 Pin=R26-2
Added Pin To Net: NetName=ext3 Pin=R31-2
Added Pin To Net: NetName=Current_A Pin=R32-1
Added Pin To Net: NetName=Current_B Pin=R33-1
Added Pin To Net: NetName=Current_C Pin=R35-1
Change Net Name : Old Net Name=NetC8_2 New Net Name=NetC12_2
Change Net Name : Old Net Name=NetC12_2 New Net Name=NetC18_2
Change Net Name : Old Net Name=NetC17_2 New Net Name=NetC24_2
Change Net Name : Old Net Name=NetC20_1 New Net Name=NetC29_1
Change Net Name : Old Net Name=NetC23_1 New Net Name=NetC28_1
Change Net Name : Old Net Name=NetC24_1 New Net Name=NetC34_1
Change Net Name : Old Net Name=NetC26_1 New Net Name=NetC31_1
Change Net Name : Old Net Name=NetC27_1 New Net Name=NetC32_1
Change Net Name : Old Net Name=NetC29_1 New Net Name=NetC33_1
Change Net Name : Old Net Name=NetC37_1 New Net Name=NetC44_1
Change Net Name : Old Net Name=NetC37_2 New Net Name=NetC44_2
Change Net Name : Old Net Name=NetC38_1 New Net Name=NetC45_1
Change Net Name : Old Net Name=NetC38_2 New Net Name=NetC45_2
Change Net Name : Old Net Name=NetC40_1 New Net Name=NetC47_1
Change Net Name : Old Net Name=NetC45_1 New Net Name=NetC52_1
Change Net Name : Old Net Name=NetC45_2 New Net Name=NetC52_2
Change Net Name : Old Net Name=NetC49_1 New Net Name=NetC56_1
Change Net Name : Old Net Name=NetC49_2 New Net Name=NetC56_2
Change Net Name : Old Net Name=NetDA6_3 New Net Name=NetDA4_5
Change Net Name : Old Net Name=NetR5_1 New Net Name=NetR4_1
Change Net Name : Old Net Name=NetR7_1 New Net Name=NetR9_1
Change Net Name : Old Net Name=NetR14_1 New Net Name=NetR18_1
Change Net Name : Old Net Name=NetR17_1 New Net Name=NetR19_1
Change Net Name : Old Net Name=NetR20_1 New Net Name=NetR24_1
Change Net Name : Old Net Name=NetR27_1 New Net Name=NetR34_1
Change Net Name : Old Net Name=NetR29_1 New Net Name=NetR36_1
Change Net Name : Old Net Name=NetR31_1 New Net Name=NetR38_1
Change Net Name : Old Net Name=NetR43_1 New Net Name=NetR51_1
Change Net Name : Old Net Name=NetR44_1 New Net Name=NetR52_1
Change Net Name : Old Net Name=NetR45_2 New Net Name=NetR50_2
Change Net Name : Old Net Name=NetR51_2 New Net Name=NetR58_2
Change Net Name : Old Net Name=NetR52_2 New Net Name=NetR59_2
Change Net Name : Old Net Name=NetR55_2 New Net Name=NetR62_2
Change Net Name : Old Net Name=NetR57_2 New Net Name=NetR64_2
Added Pin To Net: NetName=NetC20_2 Pin=C20-2
Added Pin To Net: NetName=NetC20_2 Pin=DA6-3
Added Pin To Net: NetName=NetC20_2 Pin=R31-1
Added Pin To Net: NetName=NetC20_2 Pin=R32-2
Added Pin To Net: NetName=NetC20_2 Pin=R33-2
Added Pin To Net: NetName=NetC20_2 Pin=R35-2
Added Net: Name=NetC20_2
Added Pin To Net: NetName=NetC24_1 Pin=C24-1
Added Pin To Net: NetName=NetC24_1 Pin=C27-1
Added Pin To Net: NetName=NetC24_1 Pin=R43-2
Added Net: Name=NetC24_1
Added Pin To Net: NetName=NetDA1_5 Pin=DA1-5
Added Pin To Net: NetName=NetDA1_5 Pin=R7-2
Added Pin To Net: NetName=NetDA1_5 Pin=R8-1
Added Net: Name=NetDA1_5
Added Pin To Net: NetName=NetDA3_5 Pin=DA3-5
Added Pin To Net: NetName=NetDA3_5 Pin=R16-2
Added Pin To Net: NetName=NetDA3_5 Pin=R17-1
Added Net: Name=NetDA3_5
Added Member To Class: ClassName=bridge Member=Component C17 Capacitor
Added Member To Class: ClassName=bridge Member=Component C18 Capacitor
Added Member To Class: ClassName=bridge Member=Component C19 Capacitor
Added Member To Class: ClassName=bridge Member=Component C20 Capacitor
Added Member To Class: ClassName=bridge Member=Component C21 Capacitor
Added Member To Class: ClassName=bridge Member=Component C22 Capacitor
Added Member To Class: ClassName=bridge Member=Component C23 Capacitor
Added Member To Class: ClassName=bridge Member=Component R35 Resistor
Added Member To Class: ClassName=bridge Member=Component R36 Resistor
Added Member To Class: ClassName=bridge Member=Component R37 Resistor
Added Member To Class: ClassName=bridge Member=Component R38 Resistor
Added Member To Class: ClassName=bridge Member=Component R39 Resistor
Added Member To Class: ClassName=bridge Member=Component R40 Resistor
Added Member To Class: ClassName=bridge Member=Component R41 Resistor
