Added Component: Designator=C1(0805)
Add component (AddParameter): Name = "ComponentLink1Description"; Value = "Product link"; VariantName = "[No Variations]"
Add component (AddParameter): Name = "ComponentLink1URL"; Value = "https://www.chipdip.ru/product/grm219f51h104z"; VariantName = "[No Variations]"
Add component (AddParameter): Name = "Value"; Value = "0.1 ÏÍ‘"; VariantName = "[No Variations]"
Added Component: Designator=C2(C0603C)
Add component (AddParameter): Name = "ComponentLink1Description"; Value = "Product link"; VariantName = "[No Variations]"
Add component (AddParameter): Name = "ComponentLink1URL"; Value = "https://www.chipdip.ru/product0/9000591947"; VariantName = "[No Variations]"
Add component (AddParameter): Name = "Value"; Value = "0.1 ÏÍ‘"; VariantName = "[No Variations]"
Added Component: Designator=C3(0805)
Add component (AddParameter): Name = "ComponentLink1Description"; Value = "Product link"; VariantName = "[No Variations]"
Add component (AddParameter): Name = "ComponentLink1URL"; Value = "https://www.chipdip.ru/product0/9000671061"; VariantName = "[No Variations]"
Add component (AddParameter): Name = "Value"; Value = "10 ÏÍ‘"; VariantName = "[No Variations]"
Added Component: Designator=C4(1812—)
Add component (AddParameter): Name = "ComponentLink1Description"; Value = "Product link"; VariantName = "[No Variations]"
Add component (AddParameter): Name = "ComponentLink1URL"; Value = "https://www.chipdip.ru/product0/9000144596"; VariantName = "[No Variations]"
Add component (AddParameter): Name = "Value"; Value = "2.2 ÏÍ‘"; VariantName = "[No Variations]"
Added Component: Designator=C5(CAP-10)
Add component (AddParameter): Name = "ComponentLink1Description"; Value = "Product link"; VariantName = "[No Variations]"
Add component (AddParameter): Name = "ComponentLink1URL"; Value = "https://www.chipdip.ru/product0/9000565913"; VariantName = "[No Variations]"
Add component (AddParameter): Name = "Type"; Value = ""; VariantName = "[No Variations]"
Add component (AddParameter): Name = "value"; Value = "470ÏÍ‘"; VariantName = "[No Variations]"
Added Component: Designator=C6(CAP-10)
Add component (AddParameter): Name = "ComponentLink1Description"; Value = "Product link"; VariantName = "[No Variations]"
Add component (AddParameter): Name = "ComponentLink1URL"; Value = "https://www.chipdip.ru/product0/9000565913"; VariantName = "[No Variations]"
Add component (AddParameter): Name = "Type"; Value = ""; VariantName = "[No Variations]"
Add component (AddParameter): Name = "value"; Value = "470ÏÍ‘"; VariantName = "[No Variations]"
Added Component: Designator=C7(CAP-10)
Add component (AddParameter): Name = "ComponentLink1Description"; Value = "Product link"; VariantName = "[No Variations]"
Add component (AddParameter): Name = "ComponentLink1URL"; Value = "https://www.chipdip.ru/product0/9000565913"; VariantName = "[No Variations]"
Add component (AddParameter): Name = "Type"; Value = ""; VariantName = "[No Variations]"
Add component (AddParameter): Name = "value"; Value = "470ÏÍ‘"; VariantName = "[No Variations]"
Added Component: Designator=C8(0805)
Add component (AddParameter): Name = "ComponentLink1Description"; Value = "Product link"; VariantName = "[No Variations]"
Add component (AddParameter): Name = "ComponentLink1URL"; Value = "https://www.chipdip.ru/product/grm21bf51e474z"; VariantName = "[No Variations]"
Add component (AddParameter): Name = "Value"; Value = "0.47 ÏÍ‘"; VariantName = "[No Variations]"
Added Component: Designator=C9(2220—)
Add component (AddParameter): Name = "ComponentLink1Description"; Value = "Product link"; VariantName = "[No Variations]"
Add component (AddParameter): Name = "ComponentLink1URL"; Value = "https://www.chipdip.ru/product0/8001641628"; VariantName = "[No Variations]"
Add component (AddParameter): Name = "Value"; Value = "4.7 ÏÍ‘"; VariantName = "[No Variations]"
Added Component: Designator=C10(C0603C)
Add component (AddParameter): Name = "ComponentLink1Description"; Value = "Product link"; VariantName = "[No Variations]"
Add component (AddParameter): Name = "ComponentLink1URL"; Value = "https://www.chipdip.ru/product0/9000591947"; VariantName = "[No Variations]"
Add component (AddParameter): Name = "Value"; Value = "0.1 ÏÍ‘"; VariantName = "[No Variations]"
Added Component: Designator=C11(C0603C)
Add component (AddParameter): Name = "ComponentLink1Description"; Value = "Product link"; VariantName = "[No Variations]"
Add component (AddParameter): Name = "ComponentLink1URL"; Value = "https://www.chipdip.ru/product0/9000591947"; VariantName = "[No Variations]"
Add component (AddParameter): Name = "Value"; Value = "0.1 ÏÍ‘"; VariantName = "[No Variations]"
Added Component: Designator=C12(0805)
Add component (AddParameter): Name = "ComponentLink1Description"; Value = "Product link"; VariantName = "[No Variations]"
Add component (AddParameter): Name = "ComponentLink1URL"; Value = "https://www.chipdip.ru/product0/9000671061"; VariantName = "[No Variations]"
Add component (AddParameter): Name = "Value"; Value = "10 ÏÍ‘"; VariantName = "[No Variations]"
Added Component: Designator=C13(0805)
Add component (AddParameter): Name = "ComponentLink1Description"; Value = "Product link"; VariantName = "[No Variations]"
Add component (AddParameter): Name = "ComponentLink1URL"; Value = "https://www.chipdip.ru/product/grm219f51h104z"; VariantName = "[No Variations]"
Add component (AddParameter): Name = "Value"; Value = "0.1 ÏÍ‘"; VariantName = "[No Variations]"
Added Component: Designator=C14(1812—)
Add component (AddParameter): Name = "ComponentLink1Description"; Value = "Product link"; VariantName = "[No Variations]"
Add component (AddParameter): Name = "ComponentLink1URL"; Value = "https://www.chipdip.ru/product0/9000144596"; VariantName = "[No Variations]"
Add component (AddParameter): Name = "Value"; Value = "2.2 ÏÍ‘"; VariantName = "[No Variations]"
Added Component: Designator=C15(C0603C)
Add component (AddParameter): Name = "ComponentLink1Description"; Value = "Product link"; VariantName = "[No Variations]"
Add component (AddParameter): Name = "ComponentLink1URL"; Value = "https://www.chipdip.ru/product0/9000591947"; VariantName = "[No Variations]"
Add component (AddParameter): Name = "Value"; Value = "0.1 ÏÍ‘"; VariantName = "[No Variations]"
Added Component: Designator=C16(0805)
Add component (AddParameter): Name = "ComponentLink1Description"; Value = "Product link"; VariantName = "[No Variations]"
Add component (AddParameter): Name = "ComponentLink1URL"; Value = "https://www.chipdip.ru/product0/9000671061"; VariantName = "[No Variations]"
Add component (AddParameter): Name = "Value"; Value = "10 ÏÍ‘"; VariantName = "[No Variations]"
Added Component: Designator=C17(0805)
Add component (AddParameter): Name = "ComponentLink1Description"; Value = "Product link"; VariantName = "[No Variations]"
Add component (AddParameter): Name = "ComponentLink1URL"; Value = "https://www.chipdip.ru/product/grm21bf51e474z"; VariantName = "[No Variations]"
Add component (AddParameter): Name = "Value"; Value = "0.47 ÏÍ‘"; VariantName = "[No Variations]"
Added Component: Designator=C18(2220—)
Add component (AddParameter): Name = "ComponentLink1Description"; Value = "Product link"; VariantName = "[No Variations]"
Add component (AddParameter): Name = "ComponentLink1URL"; Value = "https://www.chipdip.ru/product0/8001641628"; VariantName = "[No Variations]"
Add component (AddParameter): Name = "Value"; Value = "4.7 ÏÍ‘"; VariantName = "[No Variations]"
Added Component: Designator=C19(C0603C)
Add component (AddParameter): Name = "ComponentLink1Description"; Value = "Product link"; VariantName = "[No Variations]"
Add component (AddParameter): Name = "ComponentLink1URL"; Value = "https://www.chipdip.ru/product0/9000591947"; VariantName = "[No Variations]"
Add component (AddParameter): Name = "Value"; Value = "0.1 ÏÍ‘"; VariantName = "[No Variations]"
Added Component: Designator=C20(C0805C)
Add component (AddParameter): Name = "ComponentLink1Description"; Value = "New link"; VariantName = "[No Variations]"
Add component (AddParameter): Name = "ComponentLink1URL"; Value = "https://www.chipdip.ru/product/grm216r71h103k"; VariantName = "[No Variations]"
Add component (AddParameter): Name = "value"; Value = "10nF"; VariantName = "[No Variations]"
Added Component: Designator=C21(0805)
Add component (AddParameter): Name = "ComponentLink1Description"; Value = "Product link"; VariantName = "[No Variations]"
Add component (AddParameter): Name = "ComponentLink1URL"; Value = "https://www.chipdip.ru/product/grm219f51h104z"; VariantName = "[No Variations]"
Add component (AddParameter): Name = "Value"; Value = "0.1 ÏÍ‘"; VariantName = "[No Variations]"
Added Component: Designator=C22(CAP-8x12)
Add component (AddParameter): Name = "ComponentLink1Description"; Value = "New link"; VariantName = "[No Variations]"
Add component (AddParameter): Name = "ComponentLink1URL"; Value = "https://www.chipdip.ru/product0/9000565758"; VariantName = "[No Variations]"
Add component (AddParameter): Name = "value"; Value = "220uF"; VariantName = "[No Variations]"
Added Component: Designator=C23(1812—)
Add component (AddParameter): Name = "ComponentLink1Description"; Value = "Product link"; VariantName = "[No Variations]"
Add component (AddParameter): Name = "ComponentLink1URL"; Value = "https://www.chipdip.ru/product0/9000144596"; VariantName = "[No Variations]"
Add component (AddParameter): Name = "Value"; Value = "2.2 ÏÍ‘"; VariantName = "[No Variations]"
Added Component: Designator=C24(CAP- 50-35)
Add component (AddParameter): Name = "ComponentLink1Description"; Value = "New link"; VariantName = "[No Variations]"
Add component (AddParameter): Name = "ComponentLink1URL"; Value = "https://www.chipdip.ru/product0/9000565851"; VariantName = "[No Variations]"
Add component (AddParameter): Name = "value"; Value = "22uF"; VariantName = "[No Variations]"
Added Component: Designator=C25(C1812C)
Add component (AddParameter): Name = "ComponentLink1Description"; Value = "New link"; VariantName = "[No Variations]"
Add component (AddParameter): Name = "ComponentLink1URL"; Value = "https://www.chipdip.ru/product0/9000144596"; VariantName = "[No Variations]"
Add component (AddParameter): Name = "value"; Value = "2.2uF"; VariantName = "[No Variations]"
Added Component: Designator=C26(0805)
Add component (AddParameter): Name = "ComponentLink1Description"; Value = "Product link"; VariantName = "[No Variations]"
Add component (AddParameter): Name = "ComponentLink1URL"; Value = "https://www.chipdip.ru/product/grm21bf51e474z"; VariantName = "[No Variations]"
Add component (AddParameter): Name = "Value"; Value = "0.47 ÏÍ‘"; VariantName = "[No Variations]"
Added Component: Designator=C27(2220—)
Add component (AddParameter): Name = "ComponentLink1Description"; Value = "Product link"; VariantName = "[No Variations]"
Add component (AddParameter): Name = "ComponentLink1URL"; Value = "https://www.chipdip.ru/product0/8001641628"; VariantName = "[No Variations]"
Add component (AddParameter): Name = "Value"; Value = "4.7 ÏÍ‘"; VariantName = "[No Variations]"
Added Component: Designator=C28(C1206C)
Add component (AddParameter): Name = "ComponentLink1Description"; Value = "Product link"; VariantName = "[No Variations]"
Add component (AddParameter): Name = "ComponentLink1URL"; Value = "https://www.chipdip.ru/product/grm319r71h102k"; VariantName = "[No Variations]"
Add component (AddParameter): Name = "Value"; Value = "1ÌÙ"; VariantName = "[No Variations]"
Added Component: Designator=C29(C0603C)
Add component (AddParameter): Name = "ComponentLink1Description"; Value = "Product link"; VariantName = "[No Variations]"
Add component (AddParameter): Name = "ComponentLink1URL"; Value = "https://www.chipdip.ru/product0/9000591947"; VariantName = "[No Variations]"
Add component (AddParameter): Name = "Value"; Value = "0.1 ÏÍ‘"; VariantName = "[No Variations]"
Added Component: Designator=C30(C0603C)
Add component (AddParameter): Name = "ComponentLink1Description"; Value = "Product link"; VariantName = "[No Variations]"
Add component (AddParameter): Name = "ComponentLink1URL"; Value = "https://www.chipdip.ru/product0/9000591947"; VariantName = "[No Variations]"
Add component (AddParameter): Name = "Value"; Value = "0.1 ÏÍ‘"; VariantName = "[No Variations]"
Added Component: Designator=DA1(SO8)
Add component (AddParameter): Name = "ComponentLink1Description"; Value = "Product link"; VariantName = "[No Variations]"
Add component (AddParameter): Name = "ComponentLink1URL"; Value = "https://www.platan.ru/cgi-bin/qwery.pl/id=2010029983"; VariantName = "[No Variations]"
Add component (AddParameter): Name = "Datasheet"; Value = "https://doc.platan.ru/pdf/datasheets/analogdevices/AD623-877194.pdf"; VariantName = "[No Variations]"
Added Component: Designator=DA2(SOIC16)
Add component (AddParameter): Name = "ComponentLink1Description"; Value = "Product link"; VariantName = "[No Variations]"
Add component (AddParameter): Name = "ComponentLink1URL"; Value = "https://www.chipdip.ru/product/ir2010s"; VariantName = "[No Variations]"
Added Component: Designator=DA3(SO8)
Add component (AddParameter): Name = "ComponentLink1Description"; Value = "Product link"; VariantName = "[No Variations]"
Add component (AddParameter): Name = "ComponentLink1URL"; Value = "https://www.platan.ru/cgi-bin/qwery.pl/id=2010029983"; VariantName = "[No Variations]"
Add component (AddParameter): Name = "Datasheet"; Value = "https://doc.platan.ru/pdf/datasheets/analogdevices/AD623-877194.pdf"; VariantName = "[No Variations]"
Added Component: Designator=DA4(SO8)
Add component (AddParameter): Name = "ComponentLink1Description"; Value = "Product link"; VariantName = "[No Variations]"
Add component (AddParameter): Name = "ComponentLink1URL"; Value = "https://www.platan.ru/cgi-bin/qwery.pl/id=2010029983"; VariantName = "[No Variations]"
Add component (AddParameter): Name = "Datasheet"; Value = "https://doc.platan.ru/pdf/datasheets/analogdevices/AD623-877194.pdf"; VariantName = "[No Variations]"
Added Component: Designator=DA5(SOIC16)
Add component (AddParameter): Name = "ComponentLink1Description"; Value = "Product link"; VariantName = "[No Variations]"
Add component (AddParameter): Name = "ComponentLink1URL"; Value = "https://www.chipdip.ru/product/ir2010s"; VariantName = "[No Variations]"
Added Component: Designator=DA6(SO8)
Add component (AddParameter): Name = "ComponentLink1Description"; Value = "Product link"; VariantName = "[No Variations]"
Add component (AddParameter): Name = "ComponentLink1URL"; Value = "https://www.chipdip.ru/product/lm393d-stm"; VariantName = "[No Variations]"
Added Component: Designator=DA7(SOIC16)
Add component (AddParameter): Name = "ComponentLink1Description"; Value = "Product link"; VariantName = "[No Variations]"
Add component (AddParameter): Name = "ComponentLink1URL"; Value = "https://www.chipdip.ru/product/ir2010s"; VariantName = "[No Variations]"
Added Component: Designator=L1(IND0488-G-E)
Add component (AddParameter): Name = "ComponentLink1Description"; Value = "New link"; VariantName = "[No Variations]"
Add component (AddParameter): Name = "ComponentLink1URL"; Value = "https://www.chipdip.ru/product/b82472g6223m000-22"; VariantName = "[No Variations]"
Add component (AddParameter): Name = "value"; Value = "22uH"; VariantName = "[No Variations]"
Added Component: Designator=R1(2512R)
Add component (AddParameter): Name = "ComponentLink1Description"; Value = "Product link"; VariantName = "[No Variations]"
Add component (AddParameter): Name = "ComponentLink1URL"; Value = "https://www.chipdip.ru/product0/9000189977"; VariantName = "[No Variations]"
Add component (AddParameter): Name = "Power"; Value = "1¬Ú"; VariantName = "[No Variations]"
Add component (AddParameter): Name = "Value"; Value = "100ŒÏ"; VariantName = "[No Variations]"
Added Component: Designator=R2(2816R)
Add component (AddParameter): Name = "ComponentLink1Description"; Value = "Product link"; VariantName = "[No Variations]"
Add component (AddParameter): Name = "ComponentLink1URL"; Value = "https://www.platan.ru/cgi-bin/qwery.pl/id=224066896"; VariantName = "[No Variations]"
Add component (AddParameter): Name = "Power"; Value = "2¬"; VariantName = "[No Variations]"
Add component (AddParameter): Name = "Value"; Value = "20ÏŒÏ"; VariantName = "[No Variations]"
Added Component: Designator=R3(2816R)
Add component (AddParameter): Name = "ComponentLink1Description"; Value = "Product link"; VariantName = "[No Variations]"
Add component (AddParameter): Name = "ComponentLink1URL"; Value = "https://www.platan.ru/cgi-bin/qwery.pl/id=224066896"; VariantName = "[No Variations]"
Add component (AddParameter): Name = "Power"; Value = "2¬"; VariantName = "[No Variations]"
Add component (AddParameter): Name = "Value"; Value = "20ÏŒÏ"; VariantName = "[No Variations]"
Added Component: Designator=R4(2512R)
Add component (AddParameter): Name = "ComponentLink1Description"; Value = "Product link"; VariantName = "[No Variations]"
Add component (AddParameter): Name = "ComponentLink1URL"; Value = "https://www.chipdip.ru/product0/9000190080"; VariantName = "[No Variations]"
Add component (AddParameter): Name = "Power"; Value = "1¬Ú"; VariantName = "[No Variations]"
Add component (AddParameter): Name = "Value"; Value = "43ŒÏ"; VariantName = "[No Variations]"
Added Component: Designator=R5(0402R)
Add component (AddParameter): Name = "ComponentLink1Description"; Value = "Product link"; VariantName = "[No Variations]"
Add component (AddParameter): Name = "ComponentLink1URL"; Value = "https://www.chipdip.ru/product0/9000189841"; VariantName = "[No Variations]"
Add component (AddParameter): Name = "Power"; Value = ""; VariantName = "[No Variations]"
Add component (AddParameter): Name = "Value"; Value = "11ÍŒÏ"; VariantName = "[No Variations]"
Added Component: Designator=R6(0402R)
Add component (AddParameter): Name = "ComponentLink1Description"; Value = "Product link"; VariantName = "[No Variations]"
Add component (AddParameter): Name = "ComponentLink1URL"; Value = "https://www.chipdip.ru/product0/9000189664"; VariantName = "[No Variations]"
Add component (AddParameter): Name = "Power"; Value = "0.062"; VariantName = "[No Variations]"
Add component (AddParameter): Name = "Value"; Value = "10ÍŒÏ"; VariantName = "[No Variations]"
Added Component: Designator=R7(2512R)
Add component (AddParameter): Name = "ComponentLink1Description"; Value = "Product link"; VariantName = "[No Variations]"
Add component (AddParameter): Name = "ComponentLink1URL"; Value = "https://www.chipdip.ru/product0/9000190063"; VariantName = "[No Variations]"
Add component (AddParameter): Name = "Power"; Value = "1¬Ú"; VariantName = "[No Variations]"
Add component (AddParameter): Name = "Value"; Value = "20ŒÏ"; VariantName = "[No Variations]"
Added Component: Designator=R8(0402R)
Add component (AddParameter): Name = "ComponentLink1Description"; Value = "Product link"; VariantName = "[No Variations]"
Add component (AddParameter): Name = "ComponentLink1URL"; Value = "https://www.chipdip.ru/product0/9000189664"; VariantName = "[No Variations]"
Add component (AddParameter): Name = "Power"; Value = "0.062"; VariantName = "[No Variations]"
Add component (AddParameter): Name = "Value"; Value = "20ÍŒÏ"; VariantName = "[No Variations]"
Added Component: Designator=R9(0402R)
Add component (AddParameter): Name = "ComponentLink1Description"; Value = "Product link"; VariantName = "[No Variations]"
Add component (AddParameter): Name = "ComponentLink1URL"; Value = "https://www.chipdip.ru/product0/9000189664"; VariantName = "[No Variations]"
Add component (AddParameter): Name = "Power"; Value = "0.062"; VariantName = "[No Variations]"
Add component (AddParameter): Name = "Value"; Value = "10ÍŒÏ"; VariantName = "[No Variations]"
Added Component: Designator=R10(2512R)
Add component (AddParameter): Name = "ComponentLink1Description"; Value = "Product link"; VariantName = "[No Variations]"
Add component (AddParameter): Name = "ComponentLink1URL"; Value = "https://www.chipdip.ru/product0/9000190080"; VariantName = "[No Variations]"
Add component (AddParameter): Name = "Power"; Value = "1¬Ú"; VariantName = "[No Variations]"
Add component (AddParameter): Name = "Value"; Value = "43ŒÏ"; VariantName = "[No Variations]"
Added Component: Designator=R11(0402R)
Add component (AddParameter): Name = "ComponentLink1Description"; Value = "Product link"; VariantName = "[No Variations]"
Add component (AddParameter): Name = "ComponentLink1URL"; Value = "https://www.chipdip.ru/product0/9000189664"; VariantName = "[No Variations]"
Add component (AddParameter): Name = "Power"; Value = "0.062"; VariantName = "[No Variations]"
Add component (AddParameter): Name = "Value"; Value = "10ÍŒÏ"; VariantName = "[No Variations]"
Added Component: Designator=R12(2512R)
Add component (AddParameter): Name = "ComponentLink1Description"; Value = "Product link"; VariantName = "[No Variations]"
Add component (AddParameter): Name = "ComponentLink1URL"; Value = "https://www.chipdip.ru/product0/9000190063"; VariantName = "[No Variations]"
Add component (AddParameter): Name = "Power"; Value = "1¬Ú"; VariantName = "[No Variations]"
Add component (AddParameter): Name = "Value"; Value = "20ŒÏ"; VariantName = "[No Variations]"
Added Component: Designator=R13(2816R)
Add component (AddParameter): Name = "ComponentLink1Description"; Value = "Product link"; VariantName = "[No Variations]"
Add component (AddParameter): Name = "ComponentLink1URL"; Value = "https://www.platan.ru/cgi-bin/qwery.pl/id=224066896"; VariantName = "[No Variations]"
Add component (AddParameter): Name = "Power"; Value = "2¬"; VariantName = "[No Variations]"
Add component (AddParameter): Name = "Value"; Value = "20ÏŒÏ"; VariantName = "[No Variations]"
Added Component: Designator=R14(2816R)
Add component (AddParameter): Name = "ComponentLink1Description"; Value = "Product link"; VariantName = "[No Variations]"
Add component (AddParameter): Name = "ComponentLink1URL"; Value = "https://www.platan.ru/cgi-bin/qwery.pl/id=224066896"; VariantName = "[No Variations]"
Add component (AddParameter): Name = "Power"; Value = "2¬"; VariantName = "[No Variations]"
Add component (AddParameter): Name = "Value"; Value = "20ÏŒÏ"; VariantName = "[No Variations]"
Added Component: Designator=R15(0402R)
Add component (AddParameter): Name = "ComponentLink1Description"; Value = "Product link"; VariantName = "[No Variations]"
Add component (AddParameter): Name = "ComponentLink1URL"; Value = "https://www.chipdip.ru/product0/9000189841"; VariantName = "[No Variations]"
Add component (AddParameter): Name = "Power"; Value = ""; VariantName = "[No Variations]"
Add component (AddParameter): Name = "Value"; Value = "11ÍŒÏ"; VariantName = "[No Variations]"
Added Component: Designator=R16(0402R)
Add component (AddParameter): Name = "ComponentLink1Description"; Value = "Product link"; VariantName = "[No Variations]"
Add component (AddParameter): Name = "ComponentLink1URL"; Value = "https://www.chipdip.ru/product0/9000189664"; VariantName = "[No Variations]"
Add component (AddParameter): Name = "Power"; Value = "0.062"; VariantName = "[No Variations]"
Add component (AddParameter): Name = "Value"; Value = "10ÍŒÏ"; VariantName = "[No Variations]"
Added Component: Designator=R17(0402R)
Add component (AddParameter): Name = "ComponentLink1Description"; Value = "Product link"; VariantName = "[No Variations]"
Add component (AddParameter): Name = "ComponentLink1URL"; Value = "https://www.chipdip.ru/product0/9000189664"; VariantName = "[No Variations]"
Add component (AddParameter): Name = "Power"; Value = "0.062"; VariantName = "[No Variations]"
Add component (AddParameter): Name = "Value"; Value = "10ÍŒÏ"; VariantName = "[No Variations]"
Added Component: Designator=R18(2512R)
Add component (AddParameter): Name = "ComponentLink1Description"; Value = "Product link"; VariantName = "[No Variations]"
Add component (AddParameter): Name = "ComponentLink1URL"; Value = "https://www.chipdip.ru/product0/9000189977"; VariantName = "[No Variations]"
Add component (AddParameter): Name = "Power"; Value = "1¬Ú"; VariantName = "[No Variations]"
Add component (AddParameter): Name = "Value"; Value = "100ŒÏ"; VariantName = "[No Variations]"
Added Component: Designator=R19(2512R)
Add component (AddParameter): Name = "ComponentLink1Description"; Value = "Product link"; VariantName = "[No Variations]"
Add component (AddParameter): Name = "ComponentLink1URL"; Value = "https://www.chipdip.ru/product0/9000190080"; VariantName = "[No Variations]"
Add component (AddParameter): Name = "Power"; Value = "1¬Ú"; VariantName = "[No Variations]"
Add component (AddParameter): Name = "Value"; Value = "43ŒÏ"; VariantName = "[No Variations]"
Added Component: Designator=R20(0402R)
Add component (AddParameter): Name = "ComponentLink1Description"; Value = "Product link"; VariantName = "[No Variations]"
Add component (AddParameter): Name = "ComponentLink1URL"; Value = "https://www.chipdip.ru/product0/9000189664"; VariantName = "[No Variations]"
Add component (AddParameter): Name = "Power"; Value = "0.062"; VariantName = "[No Variations]"
Add component (AddParameter): Name = "Value"; Value = "10ÍŒÏ"; VariantName = "[No Variations]"
Added Component: Designator=R21(2816R)
Add component (AddParameter): Name = "ComponentLink1Description"; Value = "Product link"; VariantName = "[No Variations]"
Add component (AddParameter): Name = "ComponentLink1URL"; Value = "https://www.platan.ru/cgi-bin/qwery.pl/id=224066896"; VariantName = "[No Variations]"
Add component (AddParameter): Name = "Power"; Value = "2¬"; VariantName = "[No Variations]"
Add component (AddParameter): Name = "Value"; Value = "20ÏŒÏ"; VariantName = "[No Variations]"
Added Component: Designator=R22(2816R)
Add component (AddParameter): Name = "ComponentLink1Description"; Value = "Product link"; VariantName = "[No Variations]"
Add component (AddParameter): Name = "ComponentLink1URL"; Value = "https://www.platan.ru/cgi-bin/qwery.pl/id=224066896"; VariantName = "[No Variations]"
Add component (AddParameter): Name = "Power"; Value = "2¬"; VariantName = "[No Variations]"
Add component (AddParameter): Name = "Value"; Value = "20ÏŒÏ"; VariantName = "[No Variations]"
Added Component: Designator=R23(2512R)
Add component (AddParameter): Name = "ComponentLink1Description"; Value = "Product link"; VariantName = "[No Variations]"
Add component (AddParameter): Name = "ComponentLink1URL"; Value = "https://www.chipdip.ru/product0/9000190063"; VariantName = "[No Variations]"
Add component (AddParameter): Name = "Power"; Value = "1¬Ú"; VariantName = "[No Variations]"
Add component (AddParameter): Name = "Value"; Value = "20ŒÏ"; VariantName = "[No Variations]"
Added Component: Designator=R24(0402R)
Add component (AddParameter): Name = "ComponentLink1Description"; Value = "Product link"; VariantName = "[No Variations]"
Add component (AddParameter): Name = "ComponentLink1URL"; Value = "https://www.chipdip.ru/product0/9000189841"; VariantName = "[No Variations]"
Add component (AddParameter): Name = "Power"; Value = ""; VariantName = "[No Variations]"
Add component (AddParameter): Name = "Value"; Value = "11ÍŒÏ"; VariantName = "[No Variations]"
Added Component: Designator=R25(0402R)
Add component (AddParameter): Name = "ComponentLink1Description"; Value = "Product link"; VariantName = "[No Variations]"
Add component (AddParameter): Name = "ComponentLink1URL"; Value = "https://www.chipdip.ru/product0/9000189664"; VariantName = "[No Variations]"
Add component (AddParameter): Name = "Power"; Value = "0.062"; VariantName = "[No Variations]"
Add component (AddParameter): Name = "Value"; Value = "10ÍŒÏ"; VariantName = "[No Variations]"
Added Component: Designator=R26(0402R)
Add component (AddParameter): Name = "ComponentLink1Description"; Value = "Product link"; VariantName = "[No Variations]"
Add component (AddParameter): Name = "ComponentLink1URL"; Value = "https://www.chipdip.ru/product0/9000189664"; VariantName = "[No Variations]"
Add component (AddParameter): Name = "Power"; Value = "0.062"; VariantName = "[No Variations]"
Add component (AddParameter): Name = "Value"; Value = "10ÍŒÏ"; VariantName = "[No Variations]"
Added Component: Designator=R27(2512R)
Add component (AddParameter): Name = "ComponentLink1Description"; Value = "Product link"; VariantName = "[No Variations]"
Add component (AddParameter): Name = "ComponentLink1URL"; Value = "https://www.chipdip.ru/product0/9000190080"; VariantName = "[No Variations]"
Add component (AddParameter): Name = "Power"; Value = "1¬Ú"; VariantName = "[No Variations]"
Add component (AddParameter): Name = "Value"; Value = "43ŒÏ"; VariantName = "[No Variations]"
Added Component: Designator=R28(0402R)
Add component (AddParameter): Name = "ComponentLink1Description"; Value = "Product link"; VariantName = "[No Variations]"
Add component (AddParameter): Name = "ComponentLink1URL"; Value = "https://www.chipdip.ru/product0/9000189664"; VariantName = "[No Variations]"
Add component (AddParameter): Name = "Power"; Value = "0.062"; VariantName = "[No Variations]"
Add component (AddParameter): Name = "Value"; Value = "10ÍŒÏ"; VariantName = "[No Variations]"
Added Component: Designator=R29(C0805R)
Add component (AddParameter): Name = "ComponentLink1Description"; Value = "New link"; VariantName = "[No Variations]"
Add component (AddParameter): Name = "ComponentLink1URL"; Value = "https://www.chipdip.ru/product0/9000079487"; VariantName = "[No Variations]"
Add component (AddParameter): Name = "value"; Value = "1.1k"; VariantName = "[No Variations]"
Added Component: Designator=R30(2512R)
Add component (AddParameter): Name = "ComponentLink1Description"; Value = "Product link"; VariantName = "[No Variations]"
Add component (AddParameter): Name = "ComponentLink1URL"; Value = "https://www.chipdip.ru/product0/9000190063"; VariantName = "[No Variations]"
Add component (AddParameter): Name = "Power"; Value = "1¬Ú"; VariantName = "[No Variations]"
Add component (AddParameter): Name = "Value"; Value = "20ŒÏ"; VariantName = "[No Variations]"
Added Component: Designator=R31(C0805R)
Add component (AddParameter): Name = "ComponentLink1Description"; Value = "New link"; VariantName = "[No Variations]"
Add component (AddParameter): Name = "ComponentLink1URL"; Value = "https://www.chipdip.ru/product0/9000079513"; VariantName = "[No Variations]"
Add component (AddParameter): Name = "value"; Value = "9.1k"; VariantName = "[No Variations]"
Added Component: Designator=R32(3296W)
Add component (AddParameter): Name = "ComponentLink1Description"; Value = "Product link"; VariantName = "[No Variations]"
Add component (AddParameter): Name = "ComponentLink1URL"; Value = "https://www.chipdip.ru/product/3296w-1-103"; VariantName = "[No Variations]"
Added Component: Designator=R33(0402R)
Add component (AddParameter): Name = "ComponentLink1Description"; Value = "Product link"; VariantName = "[No Variations]"
Add component (AddParameter): Name = "ComponentLink1URL"; Value = "https://www.chipdip.ru/product0/9000189752"; VariantName = "[No Variations]"
Add component (AddParameter): Name = "Power"; Value = "0.062"; VariantName = "[No Variations]"
Add component (AddParameter): Name = "Value"; Value = "75ÍŒÏ"; VariantName = "[No Variations]"
Added Component: Designator=R34(2512R)
Add component (AddParameter): Name = "ComponentLink1Description"; Value = "Product link"; VariantName = "[No Variations]"
Add component (AddParameter): Name = "ComponentLink1URL"; Value = "https://www.chipdip.ru/product0/9000189977"; VariantName = "[No Variations]"
Add component (AddParameter): Name = "Power"; Value = "1¬Ú"; VariantName = "[No Variations]"
Add component (AddParameter): Name = "Value"; Value = "100ŒÏ"; VariantName = "[No Variations]"
Added Component: Designator=R35(2512R)
Add component (AddParameter): Name = "ComponentLink1Description"; Value = "Product link"; VariantName = "[No Variations]"
Add component (AddParameter): Name = "ComponentLink1URL"; Value = "https://www.chipdip.ru/product0/9000190080"; VariantName = "[No Variations]"
Add component (AddParameter): Name = "Power"; Value = "1¬Ú"; VariantName = "[No Variations]"
Add component (AddParameter): Name = "Value"; Value = "43ŒÏ"; VariantName = "[No Variations]"
Added Component: Designator=R36(0402R)
Add component (AddParameter): Name = "ComponentLink1Description"; Value = "Product link"; VariantName = "[No Variations]"
Add component (AddParameter): Name = "ComponentLink1URL"; Value = "https://www.chipdip.ru/product0/9000189664"; VariantName = "[No Variations]"
Add component (AddParameter): Name = "Power"; Value = "0.062"; VariantName = "[No Variations]"
Add component (AddParameter): Name = "Value"; Value = "10ÍŒÏ"; VariantName = "[No Variations]"
Added Component: Designator=R37(0402R)
Add component (AddParameter): Name = "ComponentLink1Description"; Value = "Product link"; VariantName = "[No Variations]"
Add component (AddParameter): Name = "ComponentLink1URL"; Value = "https://www.chipdip.ru/product0/9000189810"; VariantName = "[No Variations]"
Add component (AddParameter): Name = "Power"; Value = "0.062"; VariantName = "[No Variations]"
Add component (AddParameter): Name = "Value"; Value = "2.2ÍŒÏ"; VariantName = "[No Variations]"
Added Component: Designator=R38(2512R)
Add component (AddParameter): Name = "ComponentLink1Description"; Value = "Product link"; VariantName = "[No Variations]"
Add component (AddParameter): Name = "ComponentLink1URL"; Value = "https://www.chipdip.ru/product0/9000190063"; VariantName = "[No Variations]"
Add component (AddParameter): Name = "Power"; Value = "1¬Ú"; VariantName = "[No Variations]"
Add component (AddParameter): Name = "Value"; Value = "20ŒÏ"; VariantName = "[No Variations]"
Added Component: Designator=R39(0402R)
Add component (AddParameter): Name = "ComponentLink1Description"; Value = "Product link"; VariantName = "[No Variations]"
Add component (AddParameter): Name = "ComponentLink1URL"; Value = "https://www.chipdip.ru/product0/9000189810"; VariantName = "[No Variations]"
Add component (AddParameter): Name = "Power"; Value = "0.062"; VariantName = "[No Variations]"
Add component (AddParameter): Name = "Value"; Value = "2.2ÍŒÏ"; VariantName = "[No Variations]"
Added Component: Designator=R40(0402R)
Add component (AddParameter): Name = "ComponentLink1Description"; Value = "Product link"; VariantName = "[No Variations]"
Add component (AddParameter): Name = "ComponentLink1URL"; Value = "https://www.chipdip.ru/product0/9000189810"; VariantName = "[No Variations]"
Add component (AddParameter): Name = "Power"; Value = "0.062"; VariantName = "[No Variations]"
Add component (AddParameter): Name = "Value"; Value = "2.2ÍŒÏ"; VariantName = "[No Variations]"
Added Component: Designator=R41(2512R)
Add component (AddParameter): Name = "ComponentLink1Description"; Value = "Product link"; VariantName = "[No Variations]"
Add component (AddParameter): Name = "ComponentLink1URL"; Value = "https://www.chipdip.ru/product0/9000190080"; VariantName = "[No Variations]"
Add component (AddParameter): Name = "Power"; Value = "1¬Ú"; VariantName = "[No Variations]"
Add component (AddParameter): Name = "Value"; Value = "43ŒÏ"; VariantName = "[No Variations]"
Added Component: Designator=R42(0402R)
Add component (AddParameter): Name = "ComponentLink1Description"; Value = "Product link"; VariantName = "[No Variations]"
Add component (AddParameter): Name = "ComponentLink1URL"; Value = "https://www.chipdip.ru/product0/9000189664"; VariantName = "[No Variations]"
Add component (AddParameter): Name = "Power"; Value = "0.062"; VariantName = "[No Variations]"
Add component (AddParameter): Name = "Value"; Value = "10ÍŒÏ"; VariantName = "[No Variations]"
Added Component: Designator=R43(2512R)
Add component (AddParameter): Name = "ComponentLink1Description"; Value = "Product link"; VariantName = "[No Variations]"
Add component (AddParameter): Name = "ComponentLink1URL"; Value = "https://www.chipdip.ru/product0/9000190063"; VariantName = "[No Variations]"
Add component (AddParameter): Name = "Power"; Value = "1¬Ú"; VariantName = "[No Variations]"
Add component (AddParameter): Name = "Value"; Value = "20ŒÏ"; VariantName = "[No Variations]"
Added Component: Designator=U1(LM22675MR-5.0/NOPB)
Add component (AddParameter): Name = "ComponentLink1Description"; Value = "New link"; VariantName = "[No Variations]"
Add component (AddParameter): Name = "ComponentLink1URL"; Value = "https://www.chipdip.ru/product/lm22675mr-5.0-nopb-2"; VariantName = "[No Variations]"
Added Component: Designator=VD1(D0-124AC)
Add component (AddParameter): Name = "ComponentLink1Description"; Value = "Product link"; VariantName = "[No Variations]"
Add component (AddParameter): Name = "ComponentLink1URL"; Value = "https://www.chipdip.ru/product/stps2h100a-2"; VariantName = "[No Variations]"
Added Component: Designator=VD2(SOD323)
Add component (AddParameter): Name = "ComponentLink1Description"; Value = "Product link"; VariantName = "[No Variations]"
Add component (AddParameter): Name = "ComponentLink1URL"; Value = "https://www.chipdip.ru/product/bzx384-c18.115"; VariantName = "[No Variations]"
Added Component: Designator=VD3(D0-124AC)
Add component (AddParameter): Name = "ComponentLink1Description"; Value = "Product link"; VariantName = "[No Variations]"
Add component (AddParameter): Name = "ComponentLink1URL"; Value = "https://www.chipdip.ru/product/10bq040"; VariantName = "[No Variations]"
Added Component: Designator=VD4(SOD323)
Add component (AddParameter): Name = "ComponentLink1Description"; Value = "Product link"; VariantName = "[No Variations]"
Add component (AddParameter): Name = "ComponentLink1URL"; Value = "https://www.chipdip.ru/product/bzx384-c18.115"; VariantName = "[No Variations]"
Added Component: Designator=VD5(D0-124AC)
Add component (AddParameter): Name = "ComponentLink1Description"; Value = "Product link"; VariantName = "[No Variations]"
Add component (AddParameter): Name = "ComponentLink1URL"; Value = "https://www.chipdip.ru/product/10bq040"; VariantName = "[No Variations]"
Added Component: Designator=VD6(D0-124AC)
Add component (AddParameter): Name = "ComponentLink1Description"; Value = "Product link"; VariantName = "[No Variations]"
Add component (AddParameter): Name = "ComponentLink1URL"; Value = "https://www.chipdip.ru/product/stps2h100a-2"; VariantName = "[No Variations]"
Added Component: Designator=VD7(SOD323)
Add component (AddParameter): Name = "ComponentLink1Description"; Value = "Product link"; VariantName = "[No Variations]"
Add component (AddParameter): Name = "ComponentLink1URL"; Value = "https://www.chipdip.ru/product/bzx384-c18.115"; VariantName = "[No Variations]"
Added Component: Designator=VD8(D0-124AC)
Add component (AddParameter): Name = "ComponentLink1Description"; Value = "Product link"; VariantName = "[No Variations]"
Add component (AddParameter): Name = "ComponentLink1URL"; Value = "https://www.chipdip.ru/product/10bq040"; VariantName = "[No Variations]"
Added Component: Designator=VD9(SOD323)
Add component (AddParameter): Name = "ComponentLink1Description"; Value = "Product link"; VariantName = "[No Variations]"
Add component (AddParameter): Name = "ComponentLink1URL"; Value = "https://www.chipdip.ru/product/bzx384-c18.115"; VariantName = "[No Variations]"
Added Component: Designator=VD10(D0-124AC)
Add component (AddParameter): Name = "ComponentLink1Description"; Value = "Product link"; VariantName = "[No Variations]"
Add component (AddParameter): Name = "ComponentLink1URL"; Value = "https://www.chipdip.ru/product/10bq040"; VariantName = "[No Variations]"
Added Component: Designator=VD11(DO-214AA)
Add component (AddParameter): Name = "ComponentLink1Description"; Value = "New link"; VariantName = "[No Variations]"
Add component (AddParameter): Name = "ComponentLink1URL"; Value = "https://www.chipdip.ru/product/sk16-diotec"; VariantName = "[No Variations]"
Added Component: Designator=VD12(D0-124AC)
Add component (AddParameter): Name = "ComponentLink1Description"; Value = "Product link"; VariantName = "[No Variations]"
Add component (AddParameter): Name = "ComponentLink1URL"; Value = "https://www.chipdip.ru/product/stps2h100a-2"; VariantName = "[No Variations]"
Added Component: Designator=VD13(SOD323)
Add component (AddParameter): Name = "ComponentLink1Description"; Value = "Product link"; VariantName = "[No Variations]"
Add component (AddParameter): Name = "ComponentLink1URL"; Value = "https://www.chipdip.ru/product/bzx384-c18.115"; VariantName = "[No Variations]"
Added Component: Designator=VD14(D0-124AC)
Add component (AddParameter): Name = "ComponentLink1Description"; Value = "Product link"; VariantName = "[No Variations]"
Add component (AddParameter): Name = "ComponentLink1URL"; Value = "https://www.chipdip.ru/product/10bq040"; VariantName = "[No Variations]"
Added Component: Designator=VD15(SOD323)
Add component (AddParameter): Name = "ComponentLink1Description"; Value = "Product link"; VariantName = "[No Variations]"
Add component (AddParameter): Name = "ComponentLink1URL"; Value = "https://www.chipdip.ru/product/bzx384-c18.115"; VariantName = "[No Variations]"
Added Component: Designator=VD16(D0-124AC)
Add component (AddParameter): Name = "ComponentLink1Description"; Value = "Product link"; VariantName = "[No Variations]"
Add component (AddParameter): Name = "ComponentLink1URL"; Value = "https://www.chipdip.ru/product/10bq040"; VariantName = "[No Variations]"
Added Component: Designator=VT1(TO247-2)
Add component (AddParameter): Name = "ComponentLink1Description"; Value = "Product link"; VariantName = "[No Variations]"
Add component (AddParameter): Name = "ComponentLink1URL"; Value = "https://www.chipdip.ru/product/irfp4710pbf"; VariantName = "[No Variations]"
Added Component: Designator=VT2(TO247-1)
Add component (AddParameter): Name = "ComponentLink1Description"; Value = "Product link"; VariantName = "[No Variations]"
Add component (AddParameter): Name = "ComponentLink1URL"; Value = "https://www.chipdip.ru/product/irfp4710pbf"; VariantName = "[No Variations]"
Added Component: Designator=VT3(TO247-2)
Add component (AddParameter): Name = "ComponentLink1Description"; Value = "Product link"; VariantName = "[No Variations]"
Add component (AddParameter): Name = "ComponentLink1URL"; Value = "https://www.chipdip.ru/product/irfp4710pbf"; VariantName = "[No Variations]"
Added Component: Designator=VT4(TO247-1)
Add component (AddParameter): Name = "ComponentLink1Description"; Value = "Product link"; VariantName = "[No Variations]"
Add component (AddParameter): Name = "ComponentLink1URL"; Value = "https://www.chipdip.ru/product/irfp4710pbf"; VariantName = "[No Variations]"
Added Component: Designator=VT5(TO247-2)
Add component (AddParameter): Name = "ComponentLink1Description"; Value = "Product link"; VariantName = "[No Variations]"
Add component (AddParameter): Name = "ComponentLink1URL"; Value = "https://www.chipdip.ru/product/irfp4710pbf"; VariantName = "[No Variations]"
Added Component: Designator=VT6(TO247-1)
Add component (AddParameter): Name = "ComponentLink1Description"; Value = "Product link"; VariantName = "[No Variations]"
Add component (AddParameter): Name = "ComponentLink1URL"; Value = "https://www.chipdip.ru/product/irfp4710pbf"; VariantName = "[No Variations]"
Added Component: Designator=X1(PCBM4)
Add component (AddParameter): Name = "ComponentLink1Description"; Value = "Product link"; VariantName = "[No Variations]"
Add component (AddParameter): Name = "ComponentLink1URL"; Value = ""; VariantName = "[No Variations]"
Add component (AddParameter): Name = "Name"; Value = "+¿ ¡"; VariantName = "[No Variations]"
Added Component: Designator=X2(PCBM4)
Add component (AddParameter): Name = "ComponentLink1Description"; Value = "Product link"; VariantName = "[No Variations]"
Add component (AddParameter): Name = "ComponentLink1URL"; Value = ""; VariantName = "[No Variations]"
Add component (AddParameter): Name = "Name"; Value = "GND"; VariantName = "[No Variations]"
Added Component: Designator=X3(PCBM4)
Add component (AddParameter): Name = "ComponentLink1Description"; Value = "Product link"; VariantName = "[No Variations]"
Add component (AddParameter): Name = "ComponentLink1URL"; Value = ""; VariantName = "[No Variations]"
Add component (AddParameter): Name = "Name"; Value = "‘‡Á‡ ¿"; VariantName = "[No Variations]"
Added Component: Designator=X5(PCBM4)
Add component (AddParameter): Name = "ComponentLink1Description"; Value = "Product link"; VariantName = "[No Variations]"
Add component (AddParameter): Name = "ComponentLink1URL"; Value = ""; VariantName = "[No Variations]"
Add component (AddParameter): Name = "Name"; Value = "‘‡Á‡ B"; VariantName = "[No Variations]"
Added Component: Designator=X7(PCBM4)
Add component (AddParameter): Name = "ComponentLink1Description"; Value = "Product link"; VariantName = "[No Variations]"
Add component (AddParameter): Name = "ComponentLink1URL"; Value = ""; VariantName = "[No Variations]"
Add component (AddParameter): Name = "Name"; Value = "‘‡Á‡ C"; VariantName = "[No Variations]"
Added Component: Designator=X8(PLS-2x5)
Add component (AddParameter): Name = "ComponentLink1Description"; Value = "Product link"; VariantName = "[No Variations]"
Add component (AddParameter): Name = "ComponentLink1URL"; Value = ""; VariantName = "[No Variations]"
Added Pin To Net: NetName=+3.3 Pin=C10-2
Added Pin To Net: NetName=+3.3 Pin=C19-2
Added Pin To Net: NetName=+3.3 Pin=C30-2
Added Pin To Net: NetName=+3.3 Pin=DA2-11
Added Pin To Net: NetName=+3.3 Pin=DA5-11
Added Pin To Net: NetName=+3.3 Pin=DA7-11
Added Pin To Net: NetName=+3.3 Pin=R17-2
Added Pin To Net: NetName=+3.3 Pin=R26-2
Added Pin To Net: NetName=+3.3 Pin=R33-2
Added Net: Name=+3.3
Added Pin To Net: NetName=+5 Pin=C2-2
Added Pin To Net: NetName=+5 Pin=C3-2
Added Pin To Net: NetName=+5 Pin=C11-2
Added Pin To Net: NetName=+5 Pin=C12-2
Added Pin To Net: NetName=+5 Pin=C15-2
Added Pin To Net: NetName=+5 Pin=C16-2
Added Pin To Net: NetName=+5 Pin=C29-1
Added Pin To Net: NetName=+5 Pin=DA1-7
Added Pin To Net: NetName=+5 Pin=DA3-7
Added Pin To Net: NetName=+5 Pin=DA4-7
Added Pin To Net: NetName=+5 Pin=DA6-8
Added Pin To Net: NetName=+5 Pin=R9-2
Added Pin To Net: NetName=+5 Pin=R32-1
Added Net: Name=+5
Added Pin To Net: NetName=+12 Pin=C5-2
Added Pin To Net: NetName=+12 Pin=C6-2
Added Pin To Net: NetName=+12 Pin=C7-2
Added Pin To Net: NetName=+12 Pin=C8-1
Added Pin To Net: NetName=+12 Pin=C8-2
Added Pin To Net: NetName=+12 Pin=C9-1
Added Pin To Net: NetName=+12 Pin=C17-1
Added Pin To Net: NetName=+12 Pin=C17-2
Added Pin To Net: NetName=+12 Pin=C18-1
Added Pin To Net: NetName=+12 Pin=C22-1
Added Pin To Net: NetName=+12 Pin=C22-2
Added Pin To Net: NetName=+12 Pin=C24-2
Added Pin To Net: NetName=+12 Pin=C25-2
Added Pin To Net: NetName=+12 Pin=C26-1
Added Pin To Net: NetName=+12 Pin=C26-2
Added Pin To Net: NetName=+12 Pin=C27-1
Added Pin To Net: NetName=+12 Pin=DA2-2
Added Pin To Net: NetName=+12 Pin=DA2-3
Added Pin To Net: NetName=+12 Pin=DA5-2
Added Pin To Net: NetName=+12 Pin=DA5-3
Added Pin To Net: NetName=+12 Pin=DA7-2
Added Pin To Net: NetName=+12 Pin=DA7-3
Added Pin To Net: NetName=+12 Pin=L1-2
Added Pin To Net: NetName=+12 Pin=R1-2
Added Pin To Net: NetName=+12 Pin=R11-2
Added Pin To Net: NetName=+12 Pin=R18-2
Added Pin To Net: NetName=+12 Pin=R28-2
Added Pin To Net: NetName=+12 Pin=R29-1
Added Pin To Net: NetName=+12 Pin=R31-2
Added Pin To Net: NetName=+12 Pin=R34-2
Added Pin To Net: NetName=+12 Pin=R42-2
Added Pin To Net: NetName=+12 Pin=U1-6
Added Pin To Net: NetName=+12 Pin=VD2-A
Added Pin To Net: NetName=+12 Pin=VD4-A
Added Pin To Net: NetName=+12 Pin=VD7-A
Added Pin To Net: NetName=+12 Pin=VD9-A
Added Pin To Net: NetName=+12 Pin=VD11-A
Added Pin To Net: NetName=+12 Pin=VD13-A
Added Pin To Net: NetName=+12 Pin=VD15-A
Added Pin To Net: NetName=+12 Pin=VT2-S
Added Pin To Net: NetName=+12 Pin=VT4-S
Added Pin To Net: NetName=+12 Pin=VT6-S
Added Pin To Net: NetName=+12 Pin=X2-1
Added Pin To Net: NetName=+12 Pin=X2-1
Added Pin To Net: NetName=+12 Pin=X2-1
Added Pin To Net: NetName=+12 Pin=X2-1
Added Pin To Net: NetName=+12 Pin=X2-1
Added Net: Name=+12
Added Pin To Net: NetName=+VM Pin=C5-1
Added Pin To Net: NetName=+VM Pin=C6-1
Added Pin To Net: NetName=+VM Pin=C7-1
Added Pin To Net: NetName=+VM Pin=C9-2
Added Pin To Net: NetName=+VM Pin=C18-2
Added Pin To Net: NetName=+VM Pin=C24-1
Added Pin To Net: NetName=+VM Pin=C25-1
Added Pin To Net: NetName=+VM Pin=C27-2
Added Pin To Net: NetName=+VM Pin=U1-7
Added Pin To Net: NetName=+VM Pin=VT1-D
Added Pin To Net: NetName=+VM Pin=VT3-D
Added Pin To Net: NetName=+VM Pin=VT5-D
Added Pin To Net: NetName=+VM Pin=X1-1
Added Pin To Net: NetName=+VM Pin=X1-1
Added Pin To Net: NetName=+VM Pin=X1-1
Added Pin To Net: NetName=+VM Pin=X1-1
Added Pin To Net: NetName=+VM Pin=X1-1
Added Net: Name=+VM
Added Pin To Net: NetName=AH Pin=DA2-12
Added Pin To Net: NetName=AH Pin=X8-1
Added Net: Name=AH
Added Pin To Net: NetName=AL Pin=DA2-14
Added Pin To Net: NetName=AL Pin=X8-6
Added Net: Name=AL
Added Pin To Net: NetName=BH Pin=DA5-12
Added Pin To Net: NetName=BH Pin=X8-2
Added Net: Name=BH
Added Pin To Net: NetName=BL Pin=DA5-14
Added Pin To Net: NetName=BL Pin=X8-7
Added Net: Name=BL
Added Pin To Net: NetName=CH Pin=DA7-12
Added Pin To Net: NetName=CH Pin=X8-3
Added Net: Name=CH
Added Pin To Net: NetName=CL Pin=DA7-14
Added Pin To Net: NetName=CL Pin=X8-8
Added Net: Name=CL
Added Pin To Net: NetName=Current_A_out Pin=DA1-6
Added Pin To Net: NetName=Current_A_out Pin=X8-4
Added Net: Name=Current_A_out
Added Pin To Net: NetName=Current_B_out Pin=DA3-6
Added Pin To Net: NetName=Current_B_out Pin=X8-5
Added Net: Name=Current_B_out
Added Pin To Net: NetName=Current_C_out Pin=DA4-6
Added Pin To Net: NetName=Current_C_out Pin=X8-9
Added Net: Name=Current_C_out
Added Pin To Net: NetName=GND Pin=C2-1
Added Pin To Net: NetName=GND Pin=C3-1
Added Pin To Net: NetName=GND Pin=C10-1
Added Pin To Net: NetName=GND Pin=C11-1
Added Pin To Net: NetName=GND Pin=C12-1
Added Pin To Net: NetName=GND Pin=C15-1
Added Pin To Net: NetName=GND Pin=C16-1
Added Pin To Net: NetName=GND Pin=C19-1
Added Pin To Net: NetName=GND Pin=C28-1
Added Pin To Net: NetName=GND Pin=C29-2
Added Pin To Net: NetName=GND Pin=C30-1
Added Pin To Net: NetName=GND Pin=DA1-4
Added Pin To Net: NetName=GND Pin=DA2-15
Added Pin To Net: NetName=GND Pin=DA3-4
Added Pin To Net: NetName=GND Pin=DA4-4
Added Pin To Net: NetName=GND Pin=DA5-15
Added Pin To Net: NetName=GND Pin=DA6-4
Added Pin To Net: NetName=GND Pin=DA7-15
Added Pin To Net: NetName=GND Pin=R8-1
Added Pin To Net: NetName=GND Pin=R16-1
Added Pin To Net: NetName=GND Pin=R25-1
Added Pin To Net: NetName=GND Pin=R32-3
Added Net: Name=GND
Added Pin To Net: NetName=I_A Pin=C1-1
Added Pin To Net: NetName=I_A Pin=C4-2
Added Pin To Net: NetName=I_A Pin=DA1-3
Added Pin To Net: NetName=I_A Pin=DA2-6
Added Pin To Net: NetName=I_A Pin=R2-1
Added Pin To Net: NetName=I_A Pin=R3-1
Added Pin To Net: NetName=I_A Pin=R6-2
Added Pin To Net: NetName=I_A Pin=R37-1
Added Pin To Net: NetName=I_A Pin=VT1-S
Added Pin To Net: NetName=I_A Pin=VT2-D
Added Net: Name=I_A
Added Pin To Net: NetName=I_B Pin=C13-1
Added Pin To Net: NetName=I_B Pin=C14-2
Added Pin To Net: NetName=I_B Pin=DA3-3
Added Pin To Net: NetName=I_B Pin=DA5-6
Added Pin To Net: NetName=I_B Pin=R13-1
Added Pin To Net: NetName=I_B Pin=R14-1
Added Pin To Net: NetName=I_B Pin=R20-2
Added Pin To Net: NetName=I_B Pin=R39-1
Added Pin To Net: NetName=I_B Pin=VT3-S
Added Pin To Net: NetName=I_B Pin=VT4-D
Added Net: Name=I_B
Added Pin To Net: NetName=I_C Pin=C21-1
Added Pin To Net: NetName=I_C Pin=C23-2
Added Pin To Net: NetName=I_C Pin=DA4-3
Added Pin To Net: NetName=I_C Pin=DA7-6
Added Pin To Net: NetName=I_C Pin=R21-1
Added Pin To Net: NetName=I_C Pin=R22-1
Added Pin To Net: NetName=I_C Pin=R36-2
Added Pin To Net: NetName=I_C Pin=R40-1
Added Pin To Net: NetName=I_C Pin=VT5-S
Added Pin To Net: NetName=I_C Pin=VT6-D
Added Net: Name=I_C
Added Pin To Net: NetName=NetC1_2 Pin=C1-2
Added Pin To Net: NetName=NetC1_2 Pin=C4-1
Added Pin To Net: NetName=NetC1_2 Pin=DA2-7
Added Pin To Net: NetName=NetC1_2 Pin=VD1-C
Added Net: Name=NetC1_2
Added Pin To Net: NetName=NetC13_2 Pin=C13-2
Added Pin To Net: NetName=NetC13_2 Pin=C14-1
Added Pin To Net: NetName=NetC13_2 Pin=DA5-7
Added Pin To Net: NetName=NetC13_2 Pin=VD6-C
Added Net: Name=NetC13_2
Added Pin To Net: NetName=NetC20_1 Pin=C20-1
Added Pin To Net: NetName=NetC20_1 Pin=U1-1
Added Net: Name=NetC20_1
Added Pin To Net: NetName=NetC20_2 Pin=C20-2
Added Pin To Net: NetName=NetC20_2 Pin=L1-1
Added Pin To Net: NetName=NetC20_2 Pin=U1-8
Added Pin To Net: NetName=NetC20_2 Pin=VD11-C
Added Net: Name=NetC20_2
Added Pin To Net: NetName=NetC21_2 Pin=C21-2
Added Pin To Net: NetName=NetC21_2 Pin=C23-1
Added Pin To Net: NetName=NetC21_2 Pin=DA7-7
Added Pin To Net: NetName=NetC21_2 Pin=VD12-C
Added Net: Name=NetC21_2
Added Pin To Net: NetName=NetC28_2 Pin=C28-2
Added Pin To Net: NetName=NetC28_2 Pin=DA6-3
Added Pin To Net: NetName=NetC28_2 Pin=R33-1
Added Pin To Net: NetName=NetC28_2 Pin=R37-2
Added Pin To Net: NetName=NetC28_2 Pin=R39-2
Added Pin To Net: NetName=NetC28_2 Pin=R40-2
Added Net: Name=NetC28_2
Added Pin To Net: NetName=NetDA1_1 Pin=DA1-1
Added Pin To Net: NetName=NetDA1_1 Pin=R5-2
Added Net: Name=NetDA1_1
Added Pin To Net: NetName=NetDA1_5 Pin=DA1-5
Added Pin To Net: NetName=NetDA1_5 Pin=R8-2
Added Pin To Net: NetName=NetDA1_5 Pin=R9-1
Added Net: Name=NetDA1_5
Added Pin To Net: NetName=NetDA1_8 Pin=DA1-8
Added Pin To Net: NetName=NetDA1_8 Pin=R5-1
Added Net: Name=NetDA1_8
Added Pin To Net: NetName=NetDA2_1 Pin=DA2-1
Added Pin To Net: NetName=NetDA2_1 Pin=R10-2
Added Pin To Net: NetName=NetDA2_1 Pin=R12-2
Added Net: Name=NetDA2_1
Added Pin To Net: NetName=NetDA2_8 Pin=DA2-8
Added Pin To Net: NetName=NetDA2_8 Pin=R4-2
Added Pin To Net: NetName=NetDA2_8 Pin=R7-2
Added Net: Name=NetDA2_8
Added Pin To Net: NetName=NetDA3_1 Pin=DA3-1
Added Pin To Net: NetName=NetDA3_1 Pin=R15-2
Added Net: Name=NetDA3_1
Added Pin To Net: NetName=NetDA3_5 Pin=DA3-5
Added Pin To Net: NetName=NetDA3_5 Pin=R16-2
Added Pin To Net: NetName=NetDA3_5 Pin=R17-1
Added Net: Name=NetDA3_5
Added Pin To Net: NetName=NetDA3_8 Pin=DA3-8
Added Pin To Net: NetName=NetDA3_8 Pin=R15-1
Added Net: Name=NetDA3_8
Added Pin To Net: NetName=NetDA4_1 Pin=DA4-1
Added Pin To Net: NetName=NetDA4_1 Pin=R24-2
Added Net: Name=NetDA4_1
Added Pin To Net: NetName=NetDA4_5 Pin=DA4-5
Added Pin To Net: NetName=NetDA4_5 Pin=R25-2
Added Pin To Net: NetName=NetDA4_5 Pin=R26-1
Added Net: Name=NetDA4_5
Added Pin To Net: NetName=NetDA4_8 Pin=DA4-8
Added Pin To Net: NetName=NetDA4_8 Pin=R24-1
Added Net: Name=NetDA4_8
Added Pin To Net: NetName=NetDA5_1 Pin=DA5-1
Added Pin To Net: NetName=NetDA5_1 Pin=R27-2
Added Pin To Net: NetName=NetDA5_1 Pin=R30-2
Added Net: Name=NetDA5_1
Added Pin To Net: NetName=NetDA5_8 Pin=DA5-8
Added Pin To Net: NetName=NetDA5_8 Pin=R19-2
Added Pin To Net: NetName=NetDA5_8 Pin=R23-2
Added Net: Name=NetDA5_8
Added Pin To Net: NetName=NetDA6_2 Pin=DA6-2
Added Pin To Net: NetName=NetDA6_2 Pin=R32-2
Added Net: Name=NetDA6_2
Added Pin To Net: NetName=NetDA7_1 Pin=DA7-1
Added Pin To Net: NetName=NetDA7_1 Pin=R41-2
Added Pin To Net: NetName=NetDA7_1 Pin=R43-2
Added Net: Name=NetDA7_1
Added Pin To Net: NetName=NetDA7_8 Pin=DA7-8
Added Pin To Net: NetName=NetDA7_8 Pin=R35-2
Added Pin To Net: NetName=NetDA7_8 Pin=R38-2
Added Net: Name=NetDA7_8
Added Pin To Net: NetName=NetR1_1 Pin=R1-1
Added Pin To Net: NetName=NetR1_1 Pin=VD1-A
Added Net: Name=NetR1_1
Added Pin To Net: NetName=NetR4_1 Pin=R4-1
Added Pin To Net: NetName=NetR4_1 Pin=R6-1
Added Pin To Net: NetName=NetR4_1 Pin=VD2-C
Added Pin To Net: NetName=NetR4_1 Pin=VD3-A
Added Pin To Net: NetName=NetR4_1 Pin=VT1-G
Added Net: Name=NetR4_1
Added Pin To Net: NetName=NetR7_1 Pin=R7-1
Added Pin To Net: NetName=NetR7_1 Pin=VD3-C
Added Net: Name=NetR7_1
Added Pin To Net: NetName=NetR10_1 Pin=R10-1
Added Pin To Net: NetName=NetR10_1 Pin=R11-1
Added Pin To Net: NetName=NetR10_1 Pin=VD4-C
Added Pin To Net: NetName=NetR10_1 Pin=VD5-A
Added Pin To Net: NetName=NetR10_1 Pin=VT2-G
Added Net: Name=NetR10_1
Added Pin To Net: NetName=NetR12_1 Pin=R12-1
Added Pin To Net: NetName=NetR12_1 Pin=VD5-C
Added Net: Name=NetR12_1
Added Pin To Net: NetName=NetR18_1 Pin=R18-1
Added Pin To Net: NetName=NetR18_1 Pin=VD6-A
Added Net: Name=NetR18_1
Added Pin To Net: NetName=NetR19_1 Pin=R19-1
Added Pin To Net: NetName=NetR19_1 Pin=R20-1
Added Pin To Net: NetName=NetR19_1 Pin=VD7-C
Added Pin To Net: NetName=NetR19_1 Pin=VD8-A
Added Pin To Net: NetName=NetR19_1 Pin=VT3-G
Added Net: Name=NetR19_1
Added Pin To Net: NetName=NetR23_1 Pin=R23-1
Added Pin To Net: NetName=NetR23_1 Pin=VD8-C
Added Net: Name=NetR23_1
Added Pin To Net: NetName=NetR27_1 Pin=R27-1
Added Pin To Net: NetName=NetR27_1 Pin=R28-1
Added Pin To Net: NetName=NetR27_1 Pin=VD9-C
Added Pin To Net: NetName=NetR27_1 Pin=VD10-A
Added Pin To Net: NetName=NetR27_1 Pin=VT4-G
Added Net: Name=NetR27_1
Added Pin To Net: NetName=NetR29_2 Pin=R29-2
Added Pin To Net: NetName=NetR29_2 Pin=R31-1
Added Pin To Net: NetName=NetR29_2 Pin=U1-4
Added Net: Name=NetR29_2
Added Pin To Net: NetName=NetR30_1 Pin=R30-1
Added Pin To Net: NetName=NetR30_1 Pin=VD10-C
Added Net: Name=NetR30_1
Added Pin To Net: NetName=NetR34_1 Pin=R34-1
Added Pin To Net: NetName=NetR34_1 Pin=VD12-A
Added Net: Name=NetR34_1
Added Pin To Net: NetName=NetR35_1 Pin=R35-1
Added Pin To Net: NetName=NetR35_1 Pin=R36-1
Added Pin To Net: NetName=NetR35_1 Pin=VD13-C
Added Pin To Net: NetName=NetR35_1 Pin=VD14-A
Added Pin To Net: NetName=NetR35_1 Pin=VT5-G
Added Net: Name=NetR35_1
Added Pin To Net: NetName=NetR38_1 Pin=R38-1
Added Pin To Net: NetName=NetR38_1 Pin=VD14-C
Added Net: Name=NetR38_1
Added Pin To Net: NetName=NetR41_1 Pin=R41-1
Added Pin To Net: NetName=NetR41_1 Pin=R42-1
Added Pin To Net: NetName=NetR41_1 Pin=VD15-C
Added Pin To Net: NetName=NetR41_1 Pin=VD16-A
Added Pin To Net: NetName=NetR41_1 Pin=VT6-G
Added Net: Name=NetR41_1
Added Pin To Net: NetName=NetR43_1 Pin=R43-1
Added Pin To Net: NetName=NetR43_1 Pin=VD16-C
Added Net: Name=NetR43_1
Added Pin To Net: NetName=OutA Pin=DA1-2
Added Pin To Net: NetName=OutA Pin=R2-2
Added Pin To Net: NetName=OutA Pin=R3-2
Added Pin To Net: NetName=OutA Pin=X3-1
Added Pin To Net: NetName=OutA Pin=X3-1
Added Pin To Net: NetName=OutA Pin=X3-1
Added Pin To Net: NetName=OutA Pin=X3-1
Added Pin To Net: NetName=OutA Pin=X3-1
Added Net: Name=OutA
Added Pin To Net: NetName=OutB Pin=DA3-2
Added Pin To Net: NetName=OutB Pin=R13-2
Added Pin To Net: NetName=OutB Pin=R14-2
Added Pin To Net: NetName=OutB Pin=X5-1
Added Pin To Net: NetName=OutB Pin=X5-1
Added Pin To Net: NetName=OutB Pin=X5-1
Added Pin To Net: NetName=OutB Pin=X5-1
Added Pin To Net: NetName=OutB Pin=X5-1
Added Net: Name=OutB
Added Pin To Net: NetName=OutC Pin=DA4-2
Added Pin To Net: NetName=OutC Pin=R21-2
Added Pin To Net: NetName=OutC Pin=R22-2
Added Pin To Net: NetName=OutC Pin=X7-1
Added Pin To Net: NetName=OutC Pin=X7-1
Added Pin To Net: NetName=OutC Pin=X7-1
Added Pin To Net: NetName=OutC Pin=X7-1
Added Pin To Net: NetName=OutC Pin=X7-1
Added Net: Name=OutC
Added Pin To Net: NetName=Overcurrent_signal Pin=DA2-13
Added Pin To Net: NetName=Overcurrent_signal Pin=DA5-13
Added Pin To Net: NetName=Overcurrent_signal Pin=DA6-1
Added Pin To Net: NetName=Overcurrent_signal Pin=DA7-13
Added Pin To Net: NetName=Overcurrent_signal Pin=X8-10
Added Net: Name=Overcurrent_signal
Added Class: Name=bridge
Added Room: Name=bridge
