Removed Pin From Net: NetName=+12 Pin=C8-2
Removed Pin From Net: NetName=+12 Pin=C17-2
Removed Pin From Net: NetName=+12 Pin=C22-1
Removed Pin From Net: NetName=+12 Pin=C26-2
Removed Pin From Net: NetName=+12 Pin=DA2-3
Removed Pin From Net: NetName=+12 Pin=DA5-3
Removed Pin From Net: NetName=+12 Pin=DA7-3
Removed Pin From Net: NetName=+12 Pin=L1-2
Removed Pin From Net: NetName=+12 Pin=R1-2
Removed Pin From Net: NetName=+12 Pin=R18-2
Removed Pin From Net: NetName=+12 Pin=R31-2
Removed Pin From Net: NetName=+12 Pin=R34-2
Change Net Name : Old Net Name=+12 New Net Name=Power_GND
Added Pin To Net: NetName=+12 Pin=C8-2
Added Pin To Net: NetName=+12 Pin=C17-2
Added Pin To Net: NetName=+12 Pin=C22-1
Added Pin To Net: NetName=+12 Pin=C26-2
Added Pin To Net: NetName=+12 Pin=DA2-3
Added Pin To Net: NetName=+12 Pin=DA5-3
Added Pin To Net: NetName=+12 Pin=DA7-3
Added Pin To Net: NetName=+12 Pin=L1-2
Added Pin To Net: NetName=+12 Pin=R1-2
Added Pin To Net: NetName=+12 Pin=R18-2
Added Pin To Net: NetName=+12 Pin=R31-2
Added Pin To Net: NetName=+12 Pin=R34-2
Added Net: Name=+12
Added Room: Name=bridge
