Removed Pin From Net: NetName=GND Pin=C3-2
Removed Pin From Net: NetName=GND Pin=C4-2
Removed Pin From Net: NetName=GND Pin=C7-1
Removed Pin From Net: NetName=GND Pin=C8-1
Removed Pin From Net: NetName=GND Pin=C13-1
Removed Pin From Net: NetName=GND Pin=C14-1
Removed Pin From Net: NetName=GND Pin=C20-1
Removed Pin From Net: NetName=GND Pin=C21-1
Removed Pin From Net: NetName=GND Pin=C?-2
Removed Pin From Net: NetName=GND Pin=DA2-3
Removed Pin From Net: NetName=GND Pin=DA5-3
Removed Pin From Net: NetName=GND Pin=DA7-3
Removed Pin From Net: NetName=GND Pin=X2-1
Removed Pin From Net: NetName=GND Pin=X2-1
Removed Pin From Net: NetName=GND Pin=X2-1
Removed Pin From Net: NetName=GND Pin=X2-1
Removed Pin From Net: NetName=GND Pin=X2-1
Removed Pin From Net: NetName=GND Pin=X7-2
Added Pin To Net: NetName=Current_GND Pin=C3-2
Added Pin To Net: NetName=Current_GND Pin=C4-2
Added Pin To Net: NetName=Current_GND Pin=C7-1
Added Pin To Net: NetName=Current_GND Pin=C8-1
Added Pin To Net: NetName=Current_GND Pin=C13-1
Added Pin To Net: NetName=Current_GND Pin=C14-1
Added Pin To Net: NetName=Current_GND Pin=C20-1
Added Pin To Net: NetName=Current_GND Pin=C21-1
Added Pin To Net: NetName=Current_GND Pin=C?-2
Added Pin To Net: NetName=Current_GND Pin=DA2-3
Added Pin To Net: NetName=Current_GND Pin=DA5-3
Added Pin To Net: NetName=Current_GND Pin=DA7-3
Added Pin To Net: NetName=Current_GND Pin=X2-1
Added Pin To Net: NetName=Current_GND Pin=X2-1
Added Pin To Net: NetName=Current_GND Pin=X2-1
Added Pin To Net: NetName=Current_GND Pin=X2-1
Added Pin To Net: NetName=Current_GND Pin=X2-1
Added Pin To Net: NetName=Current_GND Pin=X7-2
Change Net Name : Old Net Name=Current_GND New Net Name=Power_GND
Added Member To Class: ClassName=bridge Member=Component X3 Connector-1_1
