Removed Pin From Net: NetName=I_A Pin=DA2-6
Removed Pin From Net: NetName=NetC1_2 Pin=DA2-7
Removed Pin From Net: NetName=NetDA2_8 Pin=DA2-8
Removed Pin From Net: NetName=+3.3 Pin=DA2-11
Removed Pin From Net: NetName=AH Pin=DA2-12
Removed Pin From Net: NetName=Overcurrent_signal Pin=DA2-13
Removed Pin From Net: NetName=AL Pin=DA2-14
Removed Pin From Net: NetName=GND Pin=DA2-15
Removed Pin From Net: NetName=I_B Pin=DA5-6
Removed Pin From Net: NetName=NetC13_2 Pin=DA5-7
Removed Pin From Net: NetName=NetDA5_8 Pin=DA5-8
Removed Pin From Net: NetName=+3.3 Pin=DA5-11
Removed Pin From Net: NetName=BH Pin=DA5-12
Removed Pin From Net: NetName=Overcurrent_signal Pin=DA5-13
Removed Pin From Net: NetName=BL Pin=DA5-14
Removed Pin From Net: NetName=GND Pin=DA5-15
Removed Pin From Net: NetName=I_C Pin=DA7-6
Removed Pin From Net: NetName=NetC21_2 Pin=DA7-7
Removed Pin From Net: NetName=NetDA7_8 Pin=DA7-8
Removed Pin From Net: NetName=+3.3 Pin=DA7-11
Removed Pin From Net: NetName=CH Pin=DA7-12
Removed Pin From Net: NetName=Overcurrent_signal Pin=DA7-13
Removed Pin From Net: NetName=CL Pin=DA7-14
Removed Pin From Net: NetName=GND Pin=DA7-15
Removed Pin From Net: NetName=NetDA2_8 Pin=R4-2
Removed Pin From Net: NetName=NetDA2_8 Pin=R7-2
Removed Pin From Net: NetName=NetDA7_8 Pin=R35-2
Removed Pin From Net: NetName=NetDA7_8 Pin=R38-2
Change Component Footprint: Designator=DA2 Old Footprint=SOIC16 New Footprint=DIP14
Change Component Footprint: Designator=DA5 Old Footprint=SOIC16 New Footprint=DIP14
Change Component Footprint: Designator=DA7 Old Footprint=SOIC16 New Footprint=DIP14
Added Pin To Net: NetName=I_A Pin=DA2-5
Added Pin To Net: NetName=NetC1_2 Pin=DA2-6
Added Pin To Net: NetName=NetDA7_8 Pin=DA2-7
Added Pin To Net: NetName=+3.3 Pin=DA2-9
Added Pin To Net: NetName=AH Pin=DA2-10
Added Pin To Net: NetName=Overcurrent_signal Pin=DA2-11
Added Pin To Net: NetName=AL Pin=DA2-12
Added Pin To Net: NetName=GND Pin=DA2-13
Added Pin To Net: NetName=I_B Pin=DA5-5
Added Pin To Net: NetName=NetC13_2 Pin=DA5-6
Added Pin To Net: NetName=NetDA5_8 Pin=DA5-7
Added Pin To Net: NetName=+3.3 Pin=DA5-9
Added Pin To Net: NetName=BH Pin=DA5-10
Added Pin To Net: NetName=Overcurrent_signal Pin=DA5-11
Added Pin To Net: NetName=BL Pin=DA5-12
Added Pin To Net: NetName=GND Pin=DA5-13
Added Pin To Net: NetName=I_C Pin=DA7-5
Added Pin To Net: NetName=NetC21_2 Pin=DA7-6
Added Pin To Net: NetName=NetDA2_8 Pin=DA7-7
Added Pin To Net: NetName=+3.3 Pin=DA7-9
Added Pin To Net: NetName=CH Pin=DA7-10
Added Pin To Net: NetName=Overcurrent_signal Pin=DA7-11
Added Pin To Net: NetName=CL Pin=DA7-12
Added Pin To Net: NetName=GND Pin=DA7-13
Added Pin To Net: NetName=NetDA7_8 Pin=R4-2
Added Pin To Net: NetName=NetDA7_8 Pin=R7-2
Added Pin To Net: NetName=NetDA2_8 Pin=R35-2
Added Pin To Net: NetName=NetDA2_8 Pin=R38-2
Change Net Name : Old Net Name=NetDA2_8 New Net Name=NetDA7_7
Change Net Name : Old Net Name=NetDA5_8 New Net Name=NetDA5_7
Change Net Name : Old Net Name=NetDA7_8 New Net Name=NetDA2_7
