Removed Pin From Net: NetName=ext3 Pin=R8-2
Removed Member From Class: ClassName=bridge Member=C25
Removed Member From Class: ClassName=bridge Member=C32
Removed Member From Class: ClassName=bridge Member=C34
Removed Member From Class: ClassName=bridge Member=C38
Removed Member From Class: ClassName=bridge Member=C40
Removed Member From Class: ClassName=Sheet1 Member=C49
Removed Member From Class: ClassName=bridge Member=C51
Removed Member From Class: ClassName=Sheet1 Member=C51
Removed Member From Class: ClassName=Sheet1 Member=C53
Removed Member From Class: ClassName=Sheet1 Member=C55
Removed Member From Class: ClassName=bridge Member=C57
Removed Member From Class: ClassName=Sheet1 Member=C57
Removed Member From Class: ClassName=bridge Member=R49
Removed Member From Class: ClassName=bridge Member=R53
Removed Member From Class: ClassName=bridge Member=R55
Removed Member From Class: ClassName=bridge Member=R59
Removed Member From Class: ClassName=Sheet1 Member=R59
Removed Member From Class: ClassName=bridge Member=R61
Removed Member From Class: ClassName=Sheet1 Member=R61
Removed Member From Class: ClassName=Sheet1 Member=R63
Removed Member From Class: ClassName=bridge Member=R64
Removed Member From Class: ClassName=Sheet1 Member=R64
Removed Member From Class: ClassName=bridge Member=R65
Removed Member From Class: ClassName=Sheet1 Member=R65
Change component parameters: Designator = "R7" ("R7"); Footprint = "0402R"; UniqueID = "\QUKSNVKD" ("\QUKSNVKD")
Change component parameters (AddParameter): Name = "ComponentLink1Description"; Value = "Product link"; VariantName = "[No Variations]"
Change component parameters (AddParameter): Name = "ComponentLink1URL"; Value = "https://www.chipdip.ru/product0/9000189664"; VariantName = "[No Variations]"
Change component parameters (AddParameter): Name = "Power"; Value = "0.062"; VariantName = "[No Variations]"
Change component parameters (AddParameter): Name = "Value"; Value = "20êÎì"; VariantName = "[No Variations]"
Added Pin To Net: NetName=+5 Pin=R8-2
Added Member To Class: ClassName=bridge Member=Component C2 Capacitor
Added Member To Class: ClassName=bridge Member=Component C3 Capacitor
Added Member To Class: ClassName=bridge Member=Component C5 Ñapacitor pol
Added Member To Class: ClassName=bridge Member=Component C6 Ñapacitor pol
Added Member To Class: ClassName=bridge Member=Component C7 Ñapacitor pol
Added Member To Class: ClassName=bridge Member=Component C8 Capacitor
Added Member To Class: ClassName=bridge Member=Component C9 Capacitor
Added Member To Class: ClassName=bridge Member=Component C10 Capacitor
Added Member To Class: ClassName=bridge Member=Component C11 Capacitor
Added Member To Class: ClassName=bridge Member=Component C12 Capacitor
Added Member To Class: ClassName=bridge Member=Component C13 Capacitor
Added Member To Class: ClassName=bridge Member=Component C15 Capacitor
Added Member To Class: ClassName=bridge Member=Component C16 Capacitor
Added Member To Class: ClassName=bridge Member=Component C17 Capacitor
Added Member To Class: ClassName=bridge Member=Component C18 Capacitor
Added Member To Class: ClassName=bridge Member=Component C19 Capacitor
Added Member To Class: ClassName=bridge Member=Component C20 Capacitor
Added Member To Class: ClassName=bridge Member=Component C21 Capacitor
Added Member To Class: ClassName=bridge Member=Component C22 Capacitor
Added Member To Class: ClassName=bridge Member=Component C23 Capacitor
Added Member To Class: ClassName=Sheet1 Member=Component C24
Added Member To Class: ClassName=Sheet1 Member=Component C26
Added Member To Class: ClassName=Sheet1 Member=Component C27
Added Member To Class: ClassName=Sheet1 Member=Component C28
Added Member To Class: ClassName=Sheet1 Member=Component C29
Added Member To Class: ClassName=Sheet1 Member=Component C30
Added Member To Class: ClassName=Sheet1 Member=Component C31
Added Member To Class: ClassName=Sheet1 Member=Component C33
Added Member To Class: ClassName=Sheet1 Member=Component C35
Added Member To Class: ClassName=Sheet1 Member=Component C36
Added Member To Class: ClassName=Sheet1 Member=Component C37
Added Member To Class: ClassName=Sheet1 Member=Component C39
Added Member To Class: ClassName=Sheet1 Member=Component C41
Added Member To Class: ClassName=Sheet1 Member=Component C42
Added Member To Class: ClassName=Sheet1 Member=Component C43
Added Member To Class: ClassName=power_elements Member=Component C44
Added Member To Class: ClassName=power_elements Member=Component C45
Added Member To Class: ClassName=power_elements Member=Component C46
Added Member To Class: ClassName=power_elements Member=Component C47
Added Member To Class: ClassName=power_elements Member=Component C48
Added Member To Class: ClassName=power_elements Member=Component C50
Added Member To Class: ClassName=power_elements Member=Component C52
Added Member To Class: ClassName=bridge Member=Component R4 Resistor
Added Member To Class: ClassName=bridge Member=Component R7 Resistor
Added Member To Class: ClassName=bridge Member=Component R8 Resistor
Added Member To Class: ClassName=bridge Member=Component R9 Resistor
Added Member To Class: ClassName=bridge Member=Component R10 Resistor
Added Member To Class: ClassName=bridge Member=Component R11 Resistor
Added Member To Class: ClassName=bridge Member=Component R12 Resistor
Added Member To Class: ClassName=bridge Member=Component R14 Resistor
Added Member To Class: ClassName=bridge Member=Component R17 Resistor
Added Member To Class: ClassName=bridge Member=Component R18 Resistor
Added Member To Class: ClassName=bridge Member=Component R19 Resistor
Added Member To Class: ClassName=bridge Member=Component R20 Resistor
Added Member To Class: ClassName=bridge Member=Component R21 Resistor
Added Member To Class: ClassName=bridge Member=Component R23 Resistor
Added Member To Class: ClassName=bridge Member=Component R24 Resistor
Added Member To Class: ClassName=bridge Member=Component R25 Resistor
Added Member To Class: ClassName=bridge Member=Component R27 Resistor
Added Member To Class: ClassName=bridge Member=Component R28 Resistor
Added Member To Class: ClassName=bridge Member=Component R29 Resistor
Added Member To Class: ClassName=bridge Member=Component R30 pot
Added Member To Class: ClassName=bridge Member=Component R31 Resistor
Added Member To Class: ClassName=bridge Member=Component R33 Resistor
Added Member To Class: ClassName=bridge Member=Component R34 Resistor
Added Member To Class: ClassName=bridge Member=Component R35 Resistor
Added Member To Class: ClassName=bridge Member=Component R37 Resistor
Added Member To Class: ClassName=bridge Member=Component R39 Resistor
Added Member To Class: ClassName=bridge Member=Component R41 Resistor
Added Member To Class: ClassName=Sheet1 Member=Component R42
Added Member To Class: ClassName=Sheet1 Member=Component R43
Added Member To Class: ClassName=Sheet1 Member=Component R44
Added Member To Class: ClassName=Sheet1 Member=Component R45
Added Member To Class: ClassName=Sheet1 Member=Component R46
Added Member To Class: ClassName=Sheet1 Member=Component R47
Added Member To Class: ClassName=Sheet1 Member=Component R48
Added Member To Class: ClassName=Sheet1 Member=Component R50
Added Member To Class: ClassName=Sheet1 Member=Component R51
Added Member To Class: ClassName=Sheet1 Member=Component R52
Added Member To Class: ClassName=Sheet1 Member=Component R54
Added Member To Class: ClassName=Sheet1 Member=Component R56
Added Member To Class: ClassName=Sheet1 Member=Component R57
Added Member To Class: ClassName=power_elements Member=Component R58
Added Member To Class: ClassName=Sheet1 Member=Component SB2
Added Member To Class: ClassName=bridge Member=Component X8 PLS-2x5
Added Member To Class: ClassName=bridge Member=Component X9 PLS-3
Added Member To Class: ClassName=Sheet1 Member=Component Z1
Added Room: Name=bridge
Added Room: Name=power_elements
Added Room: Name=Sheet1
