Removed Pin From Net: NetName=VCC Pin=X7-1
Removed Member From Class: ClassName=bridge Member=C?
Change Component Designator: OldDesignator=C5 NewDesignator=C6
Change Component Designator: OldDesignator=C6 NewDesignator=C7
Change Component Designator: OldDesignator=C7 NewDesignator=C8
Change Component Designator: OldDesignator=C8 NewDesignator=C9
Change Component Designator: OldDesignator=C9 NewDesignator=C10
Change Component Designator: OldDesignator=C10 NewDesignator=C11
Change Component Designator: OldDesignator=C11 NewDesignator=C12
Change Component Designator: OldDesignator=C12 NewDesignator=C13
Change Component Designator: OldDesignator=C13 NewDesignator=C14
Change Component Designator: OldDesignator=C14 NewDesignator=C15
Change Component Designator: OldDesignator=C15 NewDesignator=C16
Change Component Designator: OldDesignator=C16 NewDesignator=C17
Change Component Designator: OldDesignator=C17 NewDesignator=C18
Change Component Designator: OldDesignator=C18 NewDesignator=C19
Change Component Designator: OldDesignator=C19 NewDesignator=C20
Change Component Designator: OldDesignator=C20 NewDesignator=C21
Change Component Designator: OldDesignator=C21 NewDesignator=C22
Change Component Designator: OldDesignator=C? NewDesignator=C5
Added Component: Designator=C23(C0805C)
Add component (AddParameter): Name = "ComponentLink1Description"; Value = "New link"; VariantName = "[No Variations]"
Add component (AddParameter): Name = "ComponentLink1URL"; Value = "https://www.chipdip.ru/product/grm2165c1h180j"; VariantName = "[No Variations]"
Add component (AddParameter): Name = "value"; Value = "18pF"; VariantName = "[No Variations]"
Added Component: Designator=C24(C0805C)
Add component (AddParameter): Name = "ComponentLink1Description"; Value = "New link"; VariantName = "[No Variations]"
Add component (AddParameter): Name = "ComponentLink1URL"; Value = "https://www.chipdip.ru/product/grm21br61e475ka12l"; VariantName = "[No Variations]"
Add component (AddParameter): Name = "value"; Value = "4.7uF"; VariantName = "[No Variations]"
Added Component: Designator=C25(C0805C)
Add component (AddParameter): Name = "ComponentLink1Description"; Value = "New link"; VariantName = "[No Variations]"
Add component (AddParameter): Name = "ComponentLink1URL"; Value = "https://www.chipdip.ru/product0/9000671061"; VariantName = "[No Variations]"
Add component (AddParameter): Name = "value"; Value = "10uF"; VariantName = "[No Variations]"
Added Component: Designator=C26(C0805C)
Add component (AddParameter): Name = "ComponentLink1Description"; Value = "New link"; VariantName = "[No Variations]"
Add component (AddParameter): Name = "ComponentLink1URL"; Value = "https://www.chipdip.ru/product/grm21br71c105k"; VariantName = "[No Variations]"
Add component (AddParameter): Name = "value"; Value = "1uF"; VariantName = "[No Variations]"
Added Component: Designator=C27(C0805C)
Add component (AddParameter): Name = "ComponentLink1Description"; Value = "New link"; VariantName = "[No Variations]"
Add component (AddParameter): Name = "ComponentLink1URL"; Value = "https://www.chipdip.ru/product/grm21br71c105k"; VariantName = "[No Variations]"
Add component (AddParameter): Name = "value"; Value = "1uF"; VariantName = "[No Variations]"
Added Component: Designator=C28(C0805C)
Add component (AddParameter): Name = "ComponentLink1Description"; Value = "New link"; VariantName = "[No Variations]"
Add component (AddParameter): Name = "ComponentLink1URL"; Value = "https://www.chipdip.ru/product0/43780"; VariantName = "[No Variations]"
Add component (AddParameter): Name = "value"; Value = "0.1uF"; VariantName = "[No Variations]"
Added Component: Designator=C29(C0805C)
Add component (AddParameter): Name = "ComponentLink1Description"; Value = "New link"; VariantName = "[No Variations]"
Add component (AddParameter): Name = "ComponentLink1URL"; Value = "https://www.chipdip.ru/product0/43780"; VariantName = "[No Variations]"
Add component (AddParameter): Name = "value"; Value = "0.1uF"; VariantName = "[No Variations]"
Added Component: Designator=C30(C0805C)
Add component (AddParameter): Name = "ComponentLink1Description"; Value = "New link"; VariantName = "[No Variations]"
Add component (AddParameter): Name = "ComponentLink1URL"; Value = "https://www.chipdip.ru/product0/43780"; VariantName = "[No Variations]"
Add component (AddParameter): Name = "value"; Value = "0.1uF"; VariantName = "[No Variations]"
Added Component: Designator=C31(C0805C)
Add component (AddParameter): Name = "ComponentLink1Description"; Value = "New link"; VariantName = "[No Variations]"
Add component (AddParameter): Name = "ComponentLink1URL"; Value = "https://www.chipdip.ru/product/grm2165c1h160j"; VariantName = "[No Variations]"
Add component (AddParameter): Name = "value"; Value = "16pF"; VariantName = "[No Variations]"
Added Component: Designator=C32(C0805C)
Add component (AddParameter): Name = "ComponentLink1Description"; Value = "New link"; VariantName = "[No Variations]"
Add component (AddParameter): Name = "ComponentLink1URL"; Value = "https://www.chipdip.ru/product0/43780"; VariantName = "[No Variations]"
Add component (AddParameter): Name = "value"; Value = "0.1uF"; VariantName = "[No Variations]"
Added Component: Designator=C33(C0805C)
Add component (AddParameter): Name = "ComponentLink1Description"; Value = "New link"; VariantName = "[No Variations]"
Add component (AddParameter): Name = "ComponentLink1URL"; Value = "https://www.chipdip.ru/product/grm2165c1h160j"; VariantName = "[No Variations]"
Add component (AddParameter): Name = "value"; Value = "16pF"; VariantName = "[No Variations]"
Added Component: Designator=C34(C0805C)
Add component (AddParameter): Name = "ComponentLink1Description"; Value = "New link"; VariantName = "[No Variations]"
Add component (AddParameter): Name = "ComponentLink1URL"; Value = "https://www.chipdip.ru/product/grm2165c1h160j"; VariantName = "[No Variations]"
Add component (AddParameter): Name = "value"; Value = "16pF"; VariantName = "[No Variations]"
Added Component: Designator=C35(C0805C)
Add component (AddParameter): Name = "ComponentLink1Description"; Value = "New link"; VariantName = "[No Variations]"
Add component (AddParameter): Name = "ComponentLink1URL"; Value = "https://www.chipdip.ru/product/grm2165c1h160j"; VariantName = "[No Variations]"
Add component (AddParameter): Name = "value"; Value = "16pF"; VariantName = "[No Variations]"
Added Component: Designator=C36(C0805C)
Add component (AddParameter): Name = "ComponentLink1Description"; Value = "New link"; VariantName = "[No Variations]"
Add component (AddParameter): Name = "ComponentLink1URL"; Value = "https://www.chipdip.ru/product0/43780"; VariantName = "[No Variations]"
Add component (AddParameter): Name = "value"; Value = "0.1uF"; VariantName = "[No Variations]"
Added Component: Designator=C37(C0805C)
Add component (AddParameter): Name = "ComponentLink1Description"; Value = "New link"; VariantName = "[No Variations]"
Add component (AddParameter): Name = "ComponentLink1URL"; Value = "https://www.chipdip.ru/product0/43780"; VariantName = "[No Variations]"
Add component (AddParameter): Name = "value"; Value = "0.1uF"; VariantName = "[No Variations]"
Added Component: Designator=C38(C0805C)
Add component (AddParameter): Name = "ComponentLink1Description"; Value = "New link"; VariantName = "[No Variations]"
Add component (AddParameter): Name = "ComponentLink1URL"; Value = "https://www.chipdip.ru/product0/43780"; VariantName = "[No Variations]"
Add component (AddParameter): Name = "value"; Value = "0.1uF"; VariantName = "[No Variations]"
Added Component: Designator=C39(C0805C)
Add component (AddParameter): Name = "ComponentLink1Description"; Value = "New link"; VariantName = "[No Variations]"
Add component (AddParameter): Name = "ComponentLink1URL"; Value = "https://www.chipdip.ru/product0/43780"; VariantName = "[No Variations]"
Add component (AddParameter): Name = "value"; Value = "0.1uF"; VariantName = "[No Variations]"
Added Component: Designator=C40(C0805C)
Add component (AddParameter): Name = "ComponentLink1Description"; Value = "New link"; VariantName = "[No Variations]"
Add component (AddParameter): Name = "ComponentLink1URL"; Value = "https://www.chipdip.ru/product0/43780"; VariantName = "[No Variations]"
Add component (AddParameter): Name = "value"; Value = "0.1uF"; VariantName = "[No Variations]"
Added Component: Designator=C41(C0805C)
Add component (AddParameter): Name = "ComponentLink1Description"; Value = "New link"; VariantName = "[No Variations]"
Add component (AddParameter): Name = "ComponentLink1URL"; Value = "https://www.chipdip.ru/product0/43780"; VariantName = "[No Variations]"
Add component (AddParameter): Name = "value"; Value = "0.1uF"; VariantName = "[No Variations]"
Added Component: Designator=C42(C0805C)
Add component (AddParameter): Name = "ComponentLink1Description"; Value = "New link"; VariantName = "[No Variations]"
Add component (AddParameter): Name = "ComponentLink1URL"; Value = "https://www.chipdip.ru/product0/43780"; VariantName = "[No Variations]"
Add component (AddParameter): Name = "value"; Value = "0.1uF"; VariantName = "[No Variations]"
Added Component: Designator=C43(C0805C)
Add component (AddParameter): Name = "ComponentLink1Description"; Value = "New link"; VariantName = "[No Variations]"
Add component (AddParameter): Name = "ComponentLink1URL"; Value = "https://www.chipdip.ru/product/grm216r71h103k"; VariantName = "[No Variations]"
Add component (AddParameter): Name = "value"; Value = "10nF"; VariantName = "[No Variations]"
Added Component: Designator=C44(C0805C)
Add component (AddParameter): Name = "ComponentLink1Description"; Value = "New link"; VariantName = "[No Variations]"
Add component (AddParameter): Name = "ComponentLink1URL"; Value = "https://www.chipdip.ru/product/grm216r71h103k"; VariantName = "[No Variations]"
Add component (AddParameter): Name = "value"; Value = "10nF"; VariantName = "[No Variations]"
Added Component: Designator=C45(CAPAE-F)
Add component (AddParameter): Name = "ComponentLink1Description"; Value = "New link"; VariantName = "[No Variations]"
Add component (AddParameter): Name = "ComponentLink1URL"; Value = "https://www.chipdip.ru/product0/9000432585"; VariantName = "[No Variations]"
Add component (AddParameter): Name = "value"; Value = "150uF"; VariantName = "[No Variations]"
Added Component: Designator=C46(CAPAE-F)
Add component (AddParameter): Name = "ComponentLink1Description"; Value = "New link"; VariantName = "[No Variations]"
Add component (AddParameter): Name = "ComponentLink1URL"; Value = "https://www.chipdip.ru/product0/9000432585"; VariantName = "[No Variations]"
Add component (AddParameter): Name = "value"; Value = "150uF"; VariantName = "[No Variations]"
Added Component: Designator=C47(CAPAE-D)
Add component (AddParameter): Name = "ComponentLink1Description"; Value = "New link"; VariantName = "[No Variations]"
Add component (AddParameter): Name = "ComponentLink1URL"; Value = "https://www.chipdip.ru/product0/9000565723"; VariantName = "[No Variations]"
Add component (AddParameter): Name = "value"; Value = "22uF"; VariantName = "[No Variations]"
Added Component: Designator=C48(CAPAE-D)
Add component (AddParameter): Name = "ComponentLink1Description"; Value = "New link"; VariantName = "[No Variations]"
Add component (AddParameter): Name = "ComponentLink1URL"; Value = "https://www.chipdip.ru/product0/9000565723"; VariantName = "[No Variations]"
Add component (AddParameter): Name = "value"; Value = "22uF"; VariantName = "[No Variations]"
Added Component: Designator=C49(C1812C)
Add component (AddParameter): Name = "ComponentLink1Description"; Value = "New link"; VariantName = "[No Variations]"
Add component (AddParameter): Name = "ComponentLink1URL"; Value = "https://www.chipdip.ru/product0/9000144596"; VariantName = "[No Variations]"
Add component (AddParameter): Name = "value"; Value = "2.2uF"; VariantName = "[No Variations]"
Added Component: Designator=C50(C1812C)
Add component (AddParameter): Name = "ComponentLink1Description"; Value = "New link"; VariantName = "[No Variations]"
Add component (AddParameter): Name = "ComponentLink1URL"; Value = "https://www.chipdip.ru/product0/9000144596"; VariantName = "[No Variations]"
Add component (AddParameter): Name = "value"; Value = "2.2uF"; VariantName = "[No Variations]"
Added Component: Designator=C51(C0805C)
Add component (AddParameter): Name = "ComponentLink1Description"; Value = "New link"; VariantName = "[No Variations]"
Add component (AddParameter): Name = "ComponentLink1URL"; Value = "https://www.chipdip.ru/product/grm216r71h103k"; VariantName = "[No Variations]"
Add component (AddParameter): Name = "value"; Value = "10nF"; VariantName = "[No Variations]"
Added Component: Designator=C52(CAPAE-F)
Add component (AddParameter): Name = "ComponentLink1Description"; Value = "New link"; VariantName = "[No Variations]"
Add component (AddParameter): Name = "ComponentLink1URL"; Value = "https://www.chipdip.ru/product0/9000432585"; VariantName = "[No Variations]"
Add component (AddParameter): Name = "value"; Value = "150uF"; VariantName = "[No Variations]"
Added Component: Designator=C53(CAPAE-D)
Add component (AddParameter): Name = "ComponentLink1Description"; Value = "New link"; VariantName = "[No Variations]"
Add component (AddParameter): Name = "ComponentLink1URL"; Value = "https://www.chipdip.ru/product0/9000565723"; VariantName = "[No Variations]"
Add component (AddParameter): Name = "value"; Value = "22uF"; VariantName = "[No Variations]"
Added Component: Designator=C54(C1812C)
Add component (AddParameter): Name = "ComponentLink1Description"; Value = "New link"; VariantName = "[No Variations]"
Add component (AddParameter): Name = "ComponentLink1URL"; Value = "https://www.chipdip.ru/product0/9000144596"; VariantName = "[No Variations]"
Add component (AddParameter): Name = "value"; Value = "2.2uF"; VariantName = "[No Variations]"
Added Component: Designator=C55(C0805C)
Add component (AddParameter): Name = "ComponentLink1Description"; Value = "New link"; VariantName = "[No Variations]"
Add component (AddParameter): Name = "ComponentLink1URL"; Value = "https://www.chipdip.ru/product/grm216r71h103k"; VariantName = "[No Variations]"
Add component (AddParameter): Name = "value"; Value = "10nF"; VariantName = "[No Variations]"
Added Component: Designator=C56(CAPAE-F)
Add component (AddParameter): Name = "ComponentLink1Description"; Value = "New link"; VariantName = "[No Variations]"
Add component (AddParameter): Name = "ComponentLink1URL"; Value = "https://www.chipdip.ru/product0/9000432585"; VariantName = "[No Variations]"
Add component (AddParameter): Name = "value"; Value = "150uF"; VariantName = "[No Variations]"
Added Component: Designator=C57(CAPAE-D)
Add component (AddParameter): Name = "ComponentLink1Description"; Value = "New link"; VariantName = "[No Variations]"
Add component (AddParameter): Name = "ComponentLink1URL"; Value = "https://www.chipdip.ru/product0/9000565723"; VariantName = "[No Variations]"
Add component (AddParameter): Name = "value"; Value = "22uF"; VariantName = "[No Variations]"
Added Component: Designator=C58(C1812C)
Add component (AddParameter): Name = "ComponentLink1Description"; Value = "New link"; VariantName = "[No Variations]"
Add component (AddParameter): Name = "ComponentLink1URL"; Value = "https://www.chipdip.ru/product0/9000144596"; VariantName = "[No Variations]"
Add component (AddParameter): Name = "value"; Value = "2.2uF"; VariantName = "[No Variations]"
Added Component: Designator=can1(MAX3051ESA+)
Add component (AddParameter): Name = "ComponentLink1Description"; Value = "New link"; VariantName = "[No Variations]"
Add component (AddParameter): Name = "ComponentLink1URL"; Value = "https://www.chipdip.ru/product/max3051esa-maxim"; VariantName = "[No Variations]"
Added Component: Designator=DD1(SSOP28_N)
Add component (AddParameter): Name = "ComponentLink1Description"; Value = "New link"; VariantName = "[No Variations]"
Add component (AddParameter): Name = "ComponentLink1URL"; Value = "https://www.chipdip.ru/product/pl2303ta"; VariantName = "[No Variations]"
Added Component: Designator=HL1(C0603D)
Add component (AddParameter): Name = "ComponentLink1Description"; Value = "New link"; VariantName = "[No Variations]"
Add component (AddParameter): Name = "ComponentLink1URL"; Value = "https://www.chipdip.ru/product/to-1608bc-pg"; VariantName = "[No Variations]"
Added Component: Designator=HL2(C0603D)
Add component (AddParameter): Name = "ComponentLink1Description"; Value = "New link"; VariantName = "[No Variations]"
Add component (AddParameter): Name = "ComponentLink1URL"; Value = "https://www.chipdip.ru/product/to-1608bc-bf"; VariantName = "[No Variations]"
Added Component: Designator=HL3(C0603D)
Add component (AddParameter): Name = "ComponentLink1Description"; Value = "New link"; VariantName = "[No Variations]"
Add component (AddParameter): Name = "ComponentLink1URL"; Value = "https://www.chipdip.ru/product/to-1608bc-mre"; VariantName = "[No Variations]"
Added Component: Designator=HL4(C0603D)
Add component (AddParameter): Name = "ComponentLink1Description"; Value = "New link"; VariantName = "[No Variations]"
Add component (AddParameter): Name = "ComponentLink1URL"; Value = "https://www.chipdip.ru/product/to-1608bc-bf"; VariantName = "[No Variations]"
Added Component: Designator=HL5(C0603D)
Add component (AddParameter): Name = "ComponentLink1Description"; Value = "New link"; VariantName = "[No Variations]"
Add component (AddParameter): Name = "ComponentLink1URL"; Value = "https://www.chipdip.ru/product/to-1608bc-pg"; VariantName = "[No Variations]"
Added Component: Designator=L1(IND0488-G-E)
Add component (AddParameter): Name = "ComponentLink1Description"; Value = "New link"; VariantName = "[No Variations]"
Add component (AddParameter): Name = "ComponentLink1URL"; Value = "https://www.chipdip.ru/product/b82472g6222m000-2.2"; VariantName = "[No Variations]"
Add component (AddParameter): Name = "value"; Value = "22uH"; VariantName = "[No Variations]"
Added Component: Designator=L2(IND0488-G-E)
Add component (AddParameter): Name = "ComponentLink1Description"; Value = "New link"; VariantName = "[No Variations]"
Add component (AddParameter): Name = "ComponentLink1URL"; Value = "https://www.chipdip.ru/product/b82472g6223m000-22"; VariantName = "[No Variations]"
Add component (AddParameter): Name = "value"; Value = "22uH"; VariantName = "[No Variations]"
Added Component: Designator=L3(IND0488-G-E)
Add component (AddParameter): Name = "ComponentLink1Description"; Value = "New link"; VariantName = "[No Variations]"
Add component (AddParameter): Name = "ComponentLink1URL"; Value = "https://www.chipdip.ru/product/b82472g6223m000-22"; VariantName = "[No Variations]"
Add component (AddParameter): Name = "value"; Value = "22uH"; VariantName = "[No Variations]"
Added Component: Designator=L4(IND0488-G-E)
Add component (AddParameter): Name = "ComponentLink1Description"; Value = "New link"; VariantName = "[No Variations]"
Add component (AddParameter): Name = "ComponentLink1URL"; Value = "https://www.chipdip.ru/product/b82472g6223m000-22"; VariantName = "[No Variations]"
Add component (AddParameter): Name = "value"; Value = "22uH"; VariantName = "[No Variations]"
Added Component: Designator=L5(IND0488-G-E)
Add component (AddParameter): Name = "ComponentLink1Description"; Value = "New link"; VariantName = "[No Variations]"
Add component (AddParameter): Name = "ComponentLink1URL"; Value = "https://www.chipdip.ru/product/b82472g6223m000-22"; VariantName = "[No Variations]"
Add component (AddParameter): Name = "value"; Value = "22uH"; VariantName = "[No Variations]"
Added Component: Designator=R26(C0805R)
Add component (AddParameter): Name = "ComponentLink1Description"; Value = "New link"; VariantName = "[No Variations]"
Add component (AddParameter): Name = "ComponentLink1URL"; Value = "https://www.chipdip.ru/product0/9000079544"; VariantName = "[No Variations]"
Add component (AddParameter): Name = "value"; Value = "180k"; VariantName = "[No Variations]"
Added Component: Designator=R27(C0805R)
Add component (AddParameter): Name = "ComponentLink1Description"; Value = "New link"; VariantName = "[No Variations]"
Add component (AddParameter): Name = "ComponentLink1URL"; Value = "https://www.chipdip.ru/product0/9000079576"; VariantName = "[No Variations]"
Add component (AddParameter): Name = "value"; Value = "820k"; VariantName = "[No Variations]"
Added Component: Designator=R28(C0805R)
Add component (AddParameter): Name = "ComponentLink1Description"; Value = "New link"; VariantName = "[No Variations]"
Add component (AddParameter): Name = "ComponentLink1URL"; Value = "https://www.chipdip.ru/product0/9000079486"; VariantName = "[No Variations]"
Add component (AddParameter): Name = "value"; Value = "1k"; VariantName = "[No Variations]"
Added Component: Designator=R29(C0805R)
Add component (AddParameter): Name = "ComponentLink1Description"; Value = "New link"; VariantName = "[No Variations]"
Add component (AddParameter): Name = "ComponentLink1URL"; Value = "https://www.chipdip.ru/product0/9000079538"; VariantName = "[No Variations]"
Add component (AddParameter): Name = "value"; Value = "100k"; VariantName = "[No Variations]"
Added Component: Designator=R30(C0805R)
Add component (AddParameter): Name = "ComponentLink1Description"; Value = "New link"; VariantName = "[No Variations]"
Add component (AddParameter): Name = "ComponentLink1URL"; Value = "https://www.chipdip.ru/product0/9000079486"; VariantName = "[No Variations]"
Add component (AddParameter): Name = "value"; Value = "1k"; VariantName = "[No Variations]"
Added Component: Designator=R31(C0805R)
Add component (AddParameter): Name = "ComponentLink1Description"; Value = "New link"; VariantName = "[No Variations]"
Add component (AddParameter): Name = "ComponentLink1URL"; Value = "https://www.chipdip.ru/product0/9000079464"; VariantName = "[No Variations]"
Add component (AddParameter): Name = "value"; Value = "120"; VariantName = "[No Variations]"
Added Component: Designator=R32(C0805R)
Add component (AddParameter): Name = "ComponentLink1Description"; Value = "New link"; VariantName = "[No Variations]"
Add component (AddParameter): Name = "ComponentLink1URL"; Value = "https://www.chipdip.ru/product0/9000079502"; VariantName = "[No Variations]"
Add component (AddParameter): Name = "value"; Value = "4.7k"; VariantName = "[No Variations]"
Added Component: Designator=R33(C0805R)
Add component (AddParameter): Name = "ComponentLink1Description"; Value = "New link"; VariantName = "[No Variations]"
Add component (AddParameter): Name = "ComponentLink1URL"; Value = "https://www.chipdip.ru/product0/9000079486"; VariantName = "[No Variations]"
Add component (AddParameter): Name = "value"; Value = "1k"; VariantName = "[No Variations]"
Added Component: Designator=R34(C0805R)
Add component (AddParameter): Name = "ComponentLink1Description"; Value = "New link"; VariantName = "[No Variations]"
Add component (AddParameter): Name = "ComponentLink1URL"; Value = "https://www.chipdip.ru/product0/9000079486"; VariantName = "[No Variations]"
Add component (AddParameter): Name = "value"; Value = "1k"; VariantName = "[No Variations]"
Added Component: Designator=R35(C0805R)
Add component (AddParameter): Name = "ComponentLink1Description"; Value = "New link"; VariantName = "[No Variations]"
Add component (AddParameter): Name = "ComponentLink1URL"; Value = "https://www.chipdip.ru/product0/9000079486"; VariantName = "[No Variations]"
Add component (AddParameter): Name = "value"; Value = "1k"; VariantName = "[No Variations]"
Added Component: Designator=R36(C0805R)
Add component (AddParameter): Name = "ComponentLink1Description"; Value = "New link"; VariantName = "[No Variations]"
Add component (AddParameter): Name = "ComponentLink1URL"; Value = "https://www.chipdip.ru/product0/9000079457"; VariantName = "[No Variations]"
Add component (AddParameter): Name = "value"; Value = "62"; VariantName = "[No Variations]"
Added Component: Designator=R37(C0805R)
Add component (AddParameter): Name = "ComponentLink1Description"; Value = "New link"; VariantName = "[No Variations]"
Add component (AddParameter): Name = "ComponentLink1URL"; Value = "https://www.chipdip.ru/product0/9000079446"; VariantName = "[No Variations]"
Add component (AddParameter): Name = "value"; Value = "22"; VariantName = "[No Variations]"
Added Component: Designator=R38(C0805R)
Add component (AddParameter): Name = "ComponentLink1Description"; Value = "New link"; VariantName = "[No Variations]"
Add component (AddParameter): Name = "ComponentLink1URL"; Value = "https://www.chipdip.ru/product0/9000079446"; VariantName = "[No Variations]"
Add component (AddParameter): Name = "value"; Value = "22"; VariantName = "[No Variations]"
Added Component: Designator=R39(C0805R)
Add component (AddParameter): Name = "ComponentLink1Description"; Value = "New link"; VariantName = "[No Variations]"
Add component (AddParameter): Name = "ComponentLink1URL"; Value = "https://www.chipdip.ru/product0/9000079490"; VariantName = "[No Variations]"
Add component (AddParameter): Name = "value"; Value = "1.5k"; VariantName = "[No Variations]"
Added Component: Designator=R40(C0805R)
Add component (AddParameter): Name = "ComponentLink1Description"; Value = "New link"; VariantName = "[No Variations]"
Add component (AddParameter): Name = "ComponentLink1URL"; Value = "https://www.chipdip.ru/product0/9000079502"; VariantName = "[No Variations]"
Add component (AddParameter): Name = "value"; Value = "4.7k"; VariantName = "[No Variations]"
Added Component: Designator=R41(C0805R)
Add component (AddParameter): Name = "ComponentLink1Description"; Value = "New link"; VariantName = "[No Variations]"
Add component (AddParameter): Name = "ComponentLink1URL"; Value = "https://www.chipdip.ru/product0/9000079502"; VariantName = "[No Variations]"
Add component (AddParameter): Name = "value"; Value = "4.7k"; VariantName = "[No Variations]"
Added Component: Designator=R42(C0805R)
Add component (AddParameter): Name = "ComponentLink1Description"; Value = "New link"; VariantName = "[No Variations]"
Add component (AddParameter): Name = "ComponentLink1URL"; Value = "https://www.chipdip.ru/product0/9000079487"; VariantName = "[No Variations]"
Add component (AddParameter): Name = "value"; Value = "1.1k"; VariantName = "[No Variations]"
Added Component: Designator=R43(C0805R)
Add component (AddParameter): Name = "ComponentLink1Description"; Value = "New link"; VariantName = "[No Variations]"
Add component (AddParameter): Name = "ComponentLink1URL"; Value = "https://www.chipdip.ru/product0/9000079485"; VariantName = "[No Variations]"
Add component (AddParameter): Name = "value"; Value = "910"; VariantName = "[No Variations]"
Added Component: Designator=R44(C0805R)
Add component (AddParameter): Name = "ComponentLink1Description"; Value = "New link"; VariantName = "[No Variations]"
Add component (AddParameter): Name = "ComponentLink1URL"; Value = "https://www.chipdip.ru/product0/9000079513"; VariantName = "[No Variations]"
Add component (AddParameter): Name = "value"; Value = "9.1k"; VariantName = "[No Variations]"
Added Component: Designator=R45(C0805R)
Add component (AddParameter): Name = "ComponentLink1Description"; Value = "New link"; VariantName = "[No Variations]"
Add component (AddParameter): Name = "ComponentLink1URL"; Value = "https://www.chipdip.ru/product0/9000079496"; VariantName = "[No Variations]"
Add component (AddParameter): Name = "value"; Value = "2.7k"; VariantName = "[No Variations]"
Added Component: Designator=R46(C0805R)
Add component (AddParameter): Name = "ComponentLink1Description"; Value = "New link"; VariantName = "[No Variations]"
Add component (AddParameter): Name = "ComponentLink1URL"; Value = "https://www.chipdip.ru/product0/9000079487"; VariantName = "[No Variations]"
Add component (AddParameter): Name = "value"; Value = "1.1k"; VariantName = "[No Variations]"
Added Component: Designator=R47(C0805R)
Add component (AddParameter): Name = "ComponentLink1Description"; Value = "New link"; VariantName = "[No Variations]"
Add component (AddParameter): Name = "ComponentLink1URL"; Value = "https://www.chipdip.ru/product0/9000079513"; VariantName = "[No Variations]"
Add component (AddParameter): Name = "value"; Value = "9.1k"; VariantName = "[No Variations]"
Added Component: Designator=R48(C0805R)
Add component (AddParameter): Name = "ComponentLink1Description"; Value = "New link"; VariantName = "[No Variations]"
Add component (AddParameter): Name = "ComponentLink1URL"; Value = "https://www.chipdip.ru/product0/9000079487"; VariantName = "[No Variations]"
Add component (AddParameter): Name = "value"; Value = "1.1k"; VariantName = "[No Variations]"
Added Component: Designator=R49(C0805R)
Add component (AddParameter): Name = "ComponentLink1Description"; Value = "New link"; VariantName = "[No Variations]"
Add component (AddParameter): Name = "ComponentLink1URL"; Value = "https://www.chipdip.ru/product0/9000079513"; VariantName = "[No Variations]"
Add component (AddParameter): Name = "value"; Value = "9.1k"; VariantName = "[No Variations]"
Added Component: Designator=S1(PLS-3)
Added Component: Designator=SB1(TS-1170S)
Add component (AddParameter): Name = "ComponentLink1Description"; Value = "New link"; VariantName = "[No Variations]"
Add component (AddParameter): Name = "ComponentLink1URL"; Value = "https://www.chipdip.ru/product/tyco-1571563-9-fsm8jsmatr"; VariantName = "[No Variations]"
Added Component: Designator=SB2(TS-1170S)
Add component (AddParameter): Name = "ComponentLink1Description"; Value = "New link"; VariantName = "[No Variations]"
Add component (AddParameter): Name = "ComponentLink1URL"; Value = "https://www.chipdip.ru/product/tyco-1571563-9-fsm8jsmatr"; VariantName = "[No Variations]"
Added Component: Designator=SB3(TS-1170S)
Add component (AddParameter): Name = "ComponentLink1Description"; Value = "New link"; VariantName = "[No Variations]"
Add component (AddParameter): Name = "ComponentLink1URL"; Value = "https://www.chipdip.ru/product/tyco-1571563-9-fsm8jsmatr"; VariantName = "[No Variations]"
Added Component: Designator=U1(NCP1529ASNT1G)
Add component (AddParameter): Name = "ComponentLink1Description"; Value = "New link"; VariantName = "[No Variations]"
Add component (AddParameter): Name = "ComponentLink1URL"; Value = "https://www.chipdip.ru/product/ncp1529asnt1g"; VariantName = "[No Variations]"
Added Component: Designator=U3(LM22675MR-5.0/NOPB)
Add component (AddParameter): Name = "ComponentLink1Description"; Value = "New link"; VariantName = "[No Variations]"
Add component (AddParameter): Name = "ComponentLink1URL"; Value = "https://www.chipdip.ru/product/lm22675mr-5.0-nopb-2"; VariantName = "[No Variations]"
Added Component: Designator=U4(LM22675MR-5.0/NOPB)
Add component (AddParameter): Name = "ComponentLink1Description"; Value = "New link"; VariantName = "[No Variations]"
Add component (AddParameter): Name = "ComponentLink1URL"; Value = "https://www.chipdip.ru/product/lm22675mr-5.0-nopb-2"; VariantName = "[No Variations]"
Added Component: Designator=U5(LM22675MR-5.0/NOPB)
Add component (AddParameter): Name = "ComponentLink1Description"; Value = "New link"; VariantName = "[No Variations]"
Add component (AddParameter): Name = "ComponentLink1URL"; Value = "https://www.chipdip.ru/product/lm22675mr-5.0-nopb-2"; VariantName = "[No Variations]"
Added Component: Designator=U6(LM22675MR-5.0/NOPB)
Add component (AddParameter): Name = "ComponentLink1Description"; Value = "New link"; VariantName = "[No Variations]"
Add component (AddParameter): Name = "ComponentLink1URL"; Value = "https://www.chipdip.ru/product/lm22675mr-5.0-nopb-2"; VariantName = "[No Variations]"
Added Component: Designator=VD16(DO-214AA)
Add component (AddParameter): Name = "ComponentLink1Description"; Value = "New link"; VariantName = "[No Variations]"
Add component (AddParameter): Name = "ComponentLink1URL"; Value = "https://www.chipdip.ru/product/sk16-diotec"; VariantName = "[No Variations]"
Added Component: Designator=VD17(DO-214AA)
Add component (AddParameter): Name = "ComponentLink1Description"; Value = "New link"; VariantName = "[No Variations]"
Add component (AddParameter): Name = "ComponentLink1URL"; Value = "https://www.chipdip.ru/product/sk16-diotec"; VariantName = "[No Variations]"
Added Component: Designator=VD18(DO-214AA)
Add component (AddParameter): Name = "ComponentLink1Description"; Value = "New link"; VariantName = "[No Variations]"
Add component (AddParameter): Name = "ComponentLink1URL"; Value = "https://www.chipdip.ru/product/sk16-diotec"; VariantName = "[No Variations]"
Added Component: Designator=VD19(DO-214AA)
Add component (AddParameter): Name = "ComponentLink1Description"; Value = "New link"; VariantName = "[No Variations]"
Add component (AddParameter): Name = "ComponentLink1URL"; Value = "https://www.chipdip.ru/product/sk16-diotec"; VariantName = "[No Variations]"
Added Component: Designator=XP1(PLS-2)
Added Component: Designator=XP7(PLS-4)
Added Component: Designator=XP8(USB_Micro-B_FCI_SMD)
Add component (AddParameter): Name = "ComponentLink1Description"; Value = "New link"; VariantName = "[No Variations]"
Add component (AddParameter): Name = "ComponentLink1URL"; Value = "https://www.chipdip.ru/product/micro-usb-5s-b"; VariantName = "[No Variations]"
Added Component: Designator=XP9(PLS-4)
Added Component: Designator=Z1(HC-49S)
Add component (AddParameter): Name = "ComponentLink1Description"; Value = "New link"; VariantName = "[No Variations]"
Add component (AddParameter): Name = "ComponentLink1URL"; Value = "https://www.chipdip.ru/product/12mhz-hc-49sm"; VariantName = "[No Variations]"
Add component (AddParameter): Name = "value"; Value = "12MHz"; VariantName = "[No Variations]"
Added Component: Designator=Z2(HC-49S)
Add component (AddParameter): Name = "ComponentLink1Description"; Value = "New link"; VariantName = "[No Variations]"
Add component (AddParameter): Name = "ComponentLink1URL"; Value = "https://www.chipdip.ru/product0/9000523942"; VariantName = "[No Variations]"
Add component (AddParameter): Name = "value"; Value = "8MHz"; VariantName = "[No Variations]"
Added Pin To Net: NetName=+5 Pin=C24-1
Added Pin To Net: NetName=GND Pin=C24-2
Added Pin To Net: NetName=GND Pin=C25-2
Added Pin To Net: NetName=GND Pin=C26-2
Added Pin To Net: NetName=GND Pin=C27-2
Added Pin To Net: NetName=GND Pin=C28-1
Added Pin To Net: NetName=+5 Pin=C28-2
Added Pin To Net: NetName=GND Pin=C29-2
Added Pin To Net: NetName=GND Pin=C30-2
Added Pin To Net: NetName=GND Pin=C31-2
Added Pin To Net: NetName=GND Pin=C33-2
Added Pin To Net: NetName=GND Pin=C34-2
Added Pin To Net: NetName=GND Pin=C35-2
Added Pin To Net: NetName=+5 Pin=C36-1
Added Pin To Net: NetName=GND Pin=C36-2
Added Pin To Net: NetName=GND Pin=C37-2
Added Pin To Net: NetName=GND Pin=C38-1
Added Pin To Net: NetName=GND Pin=C39-2
Added Pin To Net: NetName=GND Pin=C40-2
Added Pin To Net: NetName=GND Pin=C41-2
Added Pin To Net: NetName=GND Pin=C42-2
Added Pin To Net: NetName=VCC Pin=C45-1
Added Pin To Net: NetName=Power_GND Pin=C45-2
Added Pin To Net: NetName=Power_GND Pin=C46-2
Added Pin To Net: NetName=+VM Pin=C47-1
Added Pin To Net: NetName=Power_GND Pin=C47-2
Added Pin To Net: NetName=+VM Pin=C48-1
Added Pin To Net: NetName=Power_GND Pin=C48-2
Added Pin To Net: NetName=+VM Pin=C49-1
Added Pin To Net: NetName=Power_GND Pin=C49-2
Added Pin To Net: NetName=+VM Pin=C50-1
Added Pin To Net: NetName=Power_GND Pin=C50-2
Added Pin To Net: NetName=VCC Pin=C52-1
Added Pin To Net: NetName=Power_GND Pin=C52-2
Added Pin To Net: NetName=+VM Pin=C53-1
Added Pin To Net: NetName=Power_GND Pin=C53-2
Added Pin To Net: NetName=+VM Pin=C54-1
Added Pin To Net: NetName=Power_GND Pin=C54-2
Added Pin To Net: NetName=VCC Pin=C56-1
Added Pin To Net: NetName=Power_GND Pin=C56-2
Added Pin To Net: NetName=+VM Pin=C57-1
Added Pin To Net: NetName=Power_GND Pin=C57-2
Added Pin To Net: NetName=+VM Pin=C58-1
Added Pin To Net: NetName=Power_GND Pin=C58-2
Added Pin To Net: NetName=GND Pin=can1-2
Added Pin To Net: NetName=+5 Pin=can1-3
Added Pin To Net: NetName=GND Pin=DD1-7
Added Pin To Net: NetName=GND Pin=DD1-9
Added Pin To Net: NetName=GND Pin=DD1-10
Added Pin To Net: NetName=+5 Pin=DD1-11
Added Pin To Net: NetName=GND Pin=DD1-18
Added Pin To Net: NetName=+5 Pin=DD1-20
Added Pin To Net: NetName=GND Pin=DD1-21
Added Pin To Net: NetName=GND Pin=DD1-22
Added Pin To Net: NetName=GND Pin=DD1-23
Added Pin To Net: NetName=GND Pin=DD1-25
Added Pin To Net: NetName=GND Pin=DD1-26
Added Pin To Net: NetName=VCC Pin=L2-2
Added Pin To Net: NetName=VCC Pin=L4-2
Added Pin To Net: NetName=VCC Pin=L5-2
Added Pin To Net: NetName=GND Pin=R26-1
Added Pin To Net: NetName=GND Pin=R29-1
Added Pin To Net: NetName=Power_GND Pin=R42-1
Added Pin To Net: NetName=Power_GND Pin=R43-1
Added Pin To Net: NetName=VCC Pin=R44-2
Added Pin To Net: NetName=Power_GND Pin=R46-1
Added Pin To Net: NetName=VCC Pin=R47-2
Added Pin To Net: NetName=Power_GND Pin=R48-1
Added Pin To Net: NetName=VCC Pin=R49-2
Added Pin To Net: NetName=+5 Pin=S1-2
Added Pin To Net: NetName=GND Pin=SB1-2
Added Pin To Net: NetName=GND Pin=SB1-2
Added Pin To Net: NetName=GND Pin=SB2-2
Added Pin To Net: NetName=GND Pin=SB2-2
Added Pin To Net: NetName=GND Pin=U1-2
Added Pin To Net: NetName=+5 Pin=U1-4
Added Pin To Net: NetName=Power_GND Pin=U3-6
Added Pin To Net: NetName=+VM Pin=U3-7
Added Pin To Net: NetName=Power_GND Pin=U4-6
Added Pin To Net: NetName=+VM Pin=U4-7
Added Pin To Net: NetName=Power_GND Pin=U5-6
Added Pin To Net: NetName=+VM Pin=U5-7
Added Pin To Net: NetName=Power_GND Pin=U6-6
Added Pin To Net: NetName=+VM Pin=U6-7
Added Pin To Net: NetName=Power_GND Pin=VD16-A
Added Pin To Net: NetName=Power_GND Pin=VD17-A
Added Pin To Net: NetName=Power_GND Pin=VD18-A
Added Pin To Net: NetName=Power_GND Pin=VD19-A
Added Pin To Net: NetName=GND Pin=XP7-1
Added Pin To Net: NetName=GND Pin=XP8-5
Added Pin To Net: NetName=GND Pin=XP9-1
Change Net Name : Old Net Name=NetC5_2 New Net Name=NetC6_2
Change Net Name : Old Net Name=NetC9_2 New Net Name=NetC10_2
Change Net Name : Old Net Name=NetC11_2 New Net Name=NetC12_2
Change Net Name : Old Net Name=NetC15_2 New Net Name=NetC16_2
Change Net Name : Old Net Name=NetC17_2 New Net Name=NetC18_2
Change Net Name : Old Net Name=VCC New Net Name=+12
Added Pin To Net: NetName=CAN_RX Pin=can1-4
Added Net: Name=CAN_RX
Added Pin To Net: NetName=CAN_TX Pin=can1-1
Added Net: Name=CAN_TX
Added Pin To Net: NetName=D+ Pin=R38-2
Added Pin To Net: NetName=D+ Pin=R39-2
Added Pin To Net: NetName=D+ Pin=XP8-3
Added Net: Name=D+
Added Pin To Net: NetName=D- Pin=XP8-2
Added Net: Name=D-
Added Pin To Net: NetName=ext3 Pin=C23-1
Added Pin To Net: NetName=ext3 Pin=C25-1
Added Pin To Net: NetName=ext3 Pin=C27-1
Added Pin To Net: NetName=ext3 Pin=C32-2
Added Pin To Net: NetName=ext3 Pin=C37-1
Added Pin To Net: NetName=ext3 Pin=C38-2
Added Pin To Net: NetName=ext3 Pin=C39-1
Added Pin To Net: NetName=ext3 Pin=C40-1
Added Pin To Net: NetName=ext3 Pin=C41-1
Added Pin To Net: NetName=ext3 Pin=C42-1
Added Pin To Net: NetName=ext3 Pin=DD1-4
Added Pin To Net: NetName=ext3 Pin=DD1-17
Added Pin To Net: NetName=ext3 Pin=DD1-19
Added Pin To Net: NetName=ext3 Pin=L1-1
Added Pin To Net: NetName=ext3 Pin=R27-2
Added Pin To Net: NetName=ext3 Pin=R32-1
Added Pin To Net: NetName=ext3 Pin=R33-1
Added Pin To Net: NetName=ext3 Pin=R40-1
Added Pin To Net: NetName=ext3 Pin=R41-1
Added Pin To Net: NetName=ext3 Pin=SB3-2
Added Pin To Net: NetName=ext3 Pin=SB3-2
Added Net: Name=ext3
Added Pin To Net: NetName=ext5 Pin=S1-1
Added Pin To Net: NetName=ext5 Pin=XP7-2
Added Pin To Net: NetName=ext5 Pin=XP8-1
Added Pin To Net: NetName=ext5 Pin=XP9-2
Added Net: Name=ext5
Added Pin To Net: NetName=NetC23_2 Pin=C23-2
Added Pin To Net: NetName=NetC23_2 Pin=R26-2
Added Pin To Net: NetName=NetC23_2 Pin=R27-1
Added Pin To Net: NetName=NetC23_2 Pin=U1-5
Added Net: Name=NetC23_2
Added Pin To Net: NetName=NetC26_1 Pin=C26-1
Added Net: Name=NetC26_1
Added Pin To Net: NetName=NetC29_1 Pin=C29-1
Added Pin To Net: NetName=NetC29_1 Pin=SB1-1
Added Pin To Net: NetName=NetC29_1 Pin=SB1-1
Added Net: Name=NetC29_1
Added Pin To Net: NetName=NetC30_1 Pin=C30-1
Added Pin To Net: NetName=NetC30_1 Pin=R32-2
Added Pin To Net: NetName=NetC30_1 Pin=SB2-1
Added Pin To Net: NetName=NetC30_1 Pin=SB2-1
Added Net: Name=NetC30_1
Added Pin To Net: NetName=NetC32_1 Pin=C32-1
Added Pin To Net: NetName=NetC32_1 Pin=SB3-1
Added Pin To Net: NetName=NetC32_1 Pin=SB3-1
Added Net: Name=NetC32_1
Added Pin To Net: NetName=NetC33_1 Pin=C33-1
Added Pin To Net: NetName=NetC33_1 Pin=Z2-2
Added Net: Name=NetC33_1
Added Pin To Net: NetName=NetC35_1 Pin=C35-1
Added Pin To Net: NetName=NetC35_1 Pin=R36-1
Added Pin To Net: NetName=NetC35_1 Pin=Z2-1
Added Net: Name=NetC35_1
Added Pin To Net: NetName=NetC43_1 Pin=C43-1
Added Pin To Net: NetName=NetC43_1 Pin=U3-1
Added Net: Name=NetC43_1
Added Pin To Net: NetName=NetC43_2 Pin=C43-2
Added Pin To Net: NetName=NetC43_2 Pin=L2-1
Added Pin To Net: NetName=NetC43_2 Pin=U3-8
Added Pin To Net: NetName=NetC43_2 Pin=VD16-C
Added Net: Name=NetC43_2
Added Pin To Net: NetName=NetC44_1 Pin=C44-1
Added Pin To Net: NetName=NetC44_1 Pin=U4-1
Added Net: Name=NetC44_1
Added Pin To Net: NetName=NetC44_2 Pin=C44-2
Added Pin To Net: NetName=NetC44_2 Pin=L3-1
Added Pin To Net: NetName=NetC44_2 Pin=U4-8
Added Pin To Net: NetName=NetC44_2 Pin=VD17-C
Added Net: Name=NetC44_2
Added Pin To Net: NetName=NetC46_1 Pin=C46-1
Added Pin To Net: NetName=NetC46_1 Pin=L3-2
Added Pin To Net: NetName=NetC46_1 Pin=R45-2
Added Pin To Net: NetName=NetC46_1 Pin=S1-3
Added Net: Name=NetC46_1
Added Pin To Net: NetName=NetC51_1 Pin=C51-1
Added Pin To Net: NetName=NetC51_1 Pin=U5-1
Added Net: Name=NetC51_1
Added Pin To Net: NetName=NetC51_2 Pin=C51-2
Added Pin To Net: NetName=NetC51_2 Pin=L4-1
Added Pin To Net: NetName=NetC51_2 Pin=U5-8
Added Pin To Net: NetName=NetC51_2 Pin=VD18-C
Added Net: Name=NetC51_2
Added Pin To Net: NetName=NetC55_1 Pin=C55-1
Added Pin To Net: NetName=NetC55_1 Pin=U6-1
Added Net: Name=NetC55_1
Added Pin To Net: NetName=NetC55_2 Pin=C55-2
Added Pin To Net: NetName=NetC55_2 Pin=L5-1
Added Pin To Net: NetName=NetC55_2 Pin=U6-8
Added Pin To Net: NetName=NetC55_2 Pin=VD19-C
Added Net: Name=NetC55_2
Added Pin To Net: NetName=Netcan1_6 Pin=can1-6
Added Pin To Net: NetName=Netcan1_6 Pin=R31-1
Added Pin To Net: NetName=Netcan1_6 Pin=XP1-2
Added Net: Name=Netcan1_6
Added Pin To Net: NetName=Netcan1_7 Pin=can1-7
Added Pin To Net: NetName=Netcan1_7 Pin=R31-2
Added Pin To Net: NetName=Netcan1_7 Pin=XP1-1
Added Net: Name=Netcan1_7
Added Pin To Net: NetName=Netcan1_8 Pin=can1-8
Added Pin To Net: NetName=Netcan1_8 Pin=R29-2
Added Net: Name=Netcan1_8
Added Pin To Net: NetName=NetDD1_13 Pin=DD1-13
Added Pin To Net: NetName=NetDD1_13 Pin=R41-2
Added Net: Name=NetDD1_13
Added Pin To Net: NetName=NetDD1_14 Pin=DD1-14
Added Pin To Net: NetName=NetDD1_14 Pin=R40-2
Added Net: Name=NetDD1_14
Added Pin To Net: NetName=NetDD1_15 Pin=DD1-15
Added Pin To Net: NetName=NetDD1_15 Pin=R38-1
Added Net: Name=NetDD1_15
Added Pin To Net: NetName=NetDD1_16 Pin=DD1-16
Added Pin To Net: NetName=NetDD1_16 Pin=R37-1
Added Net: Name=NetDD1_16
Added Pin To Net: NetName=NetHL1_1 Pin=R28-1
Added Net: Name=NetHL1_1
Added Pin To Net: NetName=NetHL3_1 Pin=R33-2
Added Net: Name=NetHL3_1
Added Pin To Net: NetName=NetHL4_1 Pin=R34-2
Added Net: Name=NetHL4_1
Added Pin To Net: NetName=NetHL5_1 Pin=R35-2
Added Net: Name=NetHL5_1
Added Pin To Net: NetName=NetL1_2 Pin=L1-2
Added Pin To Net: NetName=NetL1_2 Pin=U1-3
Added Net: Name=NetL1_2
Added Pin To Net: NetName=NetR34_1 Pin=R34-1
Added Net: Name=NetR34_1
Added Pin To Net: NetName=NetR35_1 Pin=R35-1
Added Net: Name=NetR35_1
Added Pin To Net: NetName=NetR36_2 Pin=R36-2
Added Net: Name=NetR36_2
Added Pin To Net: NetName=NetR42_2 Pin=R42-2
Added Pin To Net: NetName=NetR42_2 Pin=R44-1
Added Pin To Net: NetName=NetR42_2 Pin=U3-4
Added Net: Name=NetR42_2
Added Pin To Net: NetName=NetR43_2 Pin=R43-2
Added Pin To Net: NetName=NetR43_2 Pin=R45-1
Added Pin To Net: NetName=NetR43_2 Pin=U4-4
Added Net: Name=NetR43_2
Added Pin To Net: NetName=NetR46_2 Pin=R46-2
Added Pin To Net: NetName=NetR46_2 Pin=R47-1
Added Pin To Net: NetName=NetR46_2 Pin=U5-4
Added Net: Name=NetR46_2
Added Pin To Net: NetName=NetR48_2 Pin=R48-2
Added Pin To Net: NetName=NetR48_2 Pin=R49-1
Added Pin To Net: NetName=NetR48_2 Pin=U6-4
Added Net: Name=NetR48_2
Added Net: Name=PA0
Added Net: Name=PA1
Added Net: Name=PA2
Added Net: Name=PA3
Added Net: Name=PA4
Added Net: Name=PA5
Added Net: Name=PA6
Added Net: Name=PA7
Added Net: Name=PA8
Added Net: Name=PA15
Added Net: Name=PB0
Added Net: Name=PB1
Added Net: Name=PB2
Added Net: Name=PB3
Added Net: Name=PB4
Added Net: Name=PB5
Added Net: Name=PB6
Added Net: Name=PB7
Added Net: Name=PB8
Added Net: Name=PB9
Added Net: Name=PB10
Added Net: Name=PB11
Added Net: Name=PB12
Added Net: Name=PB13
Added Net: Name=PB14
Added Net: Name=PB15
Added Net: Name=PC0
Added Net: Name=PC1
Added Net: Name=PC2
Added Net: Name=PC3
Added Net: Name=PC4
Added Net: Name=PC5
Added Net: Name=PC6
Added Net: Name=PC7
Added Net: Name=PC8
Added Net: Name=PC9
Added Net: Name=PC10
Added Net: Name=PC11
Added Net: Name=PC12
Added Net: Name=PC13
Added Net: Name=PC14
Added Net: Name=PC15
Added Net: Name=PD0
Added Net: Name=PD1
Added Net: Name=PD2
Added Net: Name=PD3
Added Net: Name=PD4
Added Net: Name=PD5
Added Net: Name=PD6
Added Net: Name=PD7
Added Net: Name=PD8
Added Net: Name=PD9
Added Net: Name=PD13
Added Net: Name=PD14
Added Net: Name=PD15
Added Net: Name=PE0
Added Net: Name=PE1
Added Net: Name=PE2
Added Net: Name=PE3
Added Net: Name=PE4
Added Net: Name=PE5
Added Net: Name=PE6
Added Net: Name=PE7
Added Net: Name=PE14
Added Net: Name=PE15
Added Pin To Net: NetName=SWCLK Pin=XP7-4
Added Net: Name=SWCLK
Added Net: Name=SWDIO
Added Net: Name=TIM1_CH1N
Added Net: Name=TIM1_CH1
Added Net: Name=TIM1_CH2N
Added Net: Name=TIM1_CH2
Added Net: Name=TIM1_CH3N
Added Net: Name=TIM1_CH3
Added Pin To Net: NetName=UART1_RX Pin=DD1-5
Added Pin To Net: NetName=UART1_RX Pin=R28-2
Added Pin To Net: NetName=UART1_RX Pin=XP9-4
Added Net: Name=UART1_RX
Added Pin To Net: NetName=UART1_TX Pin=DD1-1
Added Pin To Net: NetName=UART1_TX Pin=R30-2
Added Pin To Net: NetName=UART1_TX Pin=XP9-3
Added Net: Name=UART1_TX
Added Pin To Net: NetName=VCC Pin=X7-1
Added Net: Name=VCC
Added Pin To Net: NetName=XI Pin=C31-1
Added Pin To Net: NetName=XI Pin=DD1-28
Added Pin To Net: NetName=XI Pin=Z1-2
Added Net: Name=XI
Added Pin To Net: NetName=XO Pin=C34-1
Added Pin To Net: NetName=XO Pin=DD1-27
Added Pin To Net: NetName=XO Pin=Z1-1
Added Net: Name=XO
Added Class: Name=power_elements
Added Class: Name=Sheet1
