Added Component: Designator=VT1(TO220AB)
Added Component: Designator=VT2(TO220AB)
Added Component: Designator=VT3(TO220AB)
Added Component: Designator=VT4(TO220AB)
Added Component: Designator=VT5(TO220AB)
Added Component: Designator=VT6(TO220AB)
Added Pin To Net: NetName=+VM Pin=VT1-2
Added Pin To Net: NetName=+VM Pin=VT3-2
Added Pin To Net: NetName=+VM Pin=VT5-2
Added Net: Name=+VM
Added Pin To Net: NetName=GND Pin=VT2-3
Added Pin To Net: NetName=GND Pin=VT4-3
Added Pin To Net: NetName=GND Pin=VT6-3
Added Net: Name=GND
Added Pin To Net: NetName=NetVT1_S Pin=VT1-3
Added Pin To Net: NetName=NetVT1_S Pin=VT2-2
Added Net: Name=NetVT1_S
Added Pin To Net: NetName=NetVT3_S Pin=VT3-3
Added Pin To Net: NetName=NetVT3_S Pin=VT4-2
Added Net: Name=NetVT3_S
Added Pin To Net: NetName=NetVT5_S Pin=VT5-3
Added Pin To Net: NetName=NetVT5_S Pin=VT6-2
Added Net: Name=NetVT5_S
Added Class: Name=bridge
Added Room: Name=bridge
